2020-02-05 01:04:37,473 INFO MyLogger: CreateLogger() (<Logger Login_ (INFO)>) started at 01:04:37 
 with filename R:\sel-ram\app\log\Login_05-02-2020_01-04-37.log 
 folder R:\sel-ram\app\log
2020-02-05 01:04:37,474 INFO InitDriver start
2020-02-05 01:04:41,282 INFO InitDriver done
2020-02-05 01:04:43,282 INFO LoginToOkta started
2020-02-05 01:04:49,428 INFO Logging in as: den96560
2020-02-05 01:04:52,672 INFO WinAuth launch start
2020-02-05 01:05:03,996 INFO LaunchWinAuth done
2020-02-05 01:05:03,996 INFO Reading WinAuth code
2020-02-05 01:05:03,996 INFO Looking in R:\sel-ram\app\tmp\winauth_code.txt
2020-02-05 01:05:03,997 INFO Got code: 826272
2020-02-05 01:05:07,103 INFO Login successful
2020-02-05 01:05:17,104 INFO ParseOktaButtons start
2020-02-05 01:05:17,133 INFO Found buttons: [<selenium.webdriver.remote.webelement.WebElement (session="8e193f2007009234c10aad94c3f5d787", element="3d44e43f-ccca-4d6f-924f-01ff07f126d4")>, <selenium.webdriver.remote.webelement.WebElement (session="8e193f2007009234c10aad94c3f5d787", element="ae7cffe1-b42b-41b4-856f-a7a1d8cb152e")>, <selenium.webdriver.remote.webelement.WebElement (session="8e193f2007009234c10aad94c3f5d787", element="44917e25-a354-4c37-b72b-d99eadc4bf2e")>, <selenium.webdriver.remote.webelement.WebElement (session="8e193f2007009234c10aad94c3f5d787", element="f834ea7f-7e02-443a-b16c-1289b871f3a4")>, <selenium.webdriver.remote.webelement.WebElement (session="8e193f2007009234c10aad94c3f5d787", element="8b24c19e-2160-4ccc-b204-a07b56145813")>, <selenium.webdriver.remote.webelement.WebElement (session="8e193f2007009234c10aad94c3f5d787", element="1be09ad2-f2b1-4062-9e43-dbd8a0dd800f")>, <selenium.webdriver.remote.webelement.WebElement (session="8e193f2007009234c10aad94c3f5d787", element="c2d76d92-b493-4a30-b851-7444eeca222d")>, <selenium.webdriver.remote.webelement.WebElement (session="8e193f2007009234c10aad94c3f5d787", element="a00b5bf2-eabd-4759-885d-786cbdd4c5a3")>, <selenium.webdriver.remote.webelement.WebElement (session="8e193f2007009234c10aad94c3f5d787", element="5f9ab144-7462-4507-b840-fb7e17b55add")>, <selenium.webdriver.remote.webelement.WebElement (session="8e193f2007009234c10aad94c3f5d787", element="21b350dc-38df-479b-ba8c-de207b8ba02e")>, <selenium.webdriver.remote.webelement.WebElement (session="8e193f2007009234c10aad94c3f5d787", element="7a9aecb8-87c8-4f1d-b922-1e182f2fcaf2")>, <selenium.webdriver.remote.webelement.WebElement (session="8e193f2007009234c10aad94c3f5d787", element="2388abec-b007-4aa3-afa1-51406b8e5997")>, <selenium.webdriver.remote.webelement.WebElement (session="8e193f2007009234c10aad94c3f5d787", element="051ed7b3-484a-47d6-8d2f-3dc28175fbda")>, <selenium.webdriver.remote.webelement.WebElement (session="8e193f2007009234c10aad94c3f5d787", element="75b7c69e-47bb-4571-99dd-07ad8eeeefae")>, <selenium.webdriver.remote.webelement.WebElement (session="8e193f2007009234c10aad94c3f5d787", element="da5abd77-bcad-4f66-9990-9bf706eacd7f")>, <selenium.webdriver.remote.webelement.WebElement (session="8e193f2007009234c10aad94c3f5d787", element="ca4d2b22-bb05-4eed-9e1e-b77e2b696258")>, <selenium.webdriver.remote.webelement.WebElement (session="8e193f2007009234c10aad94c3f5d787", element="c2f3a504-5ced-4768-9704-2b8c9750b441")>, <selenium.webdriver.remote.webelement.WebElement (session="8e193f2007009234c10aad94c3f5d787", element="7e08d517-c449-44e8-9290-cfaf689b5800")>, <selenium.webdriver.remote.webelement.WebElement (session="8e193f2007009234c10aad94c3f5d787", element="a262cb06-8ca2-46c9-aa01-36481572a91f")>, <selenium.webdriver.remote.webelement.WebElement (session="8e193f2007009234c10aad94c3f5d787", element="9526ef4b-344a-47ab-86b4-8dd3fdf65758")>, <selenium.webdriver.remote.webelement.WebElement (session="8e193f2007009234c10aad94c3f5d787", element="ceb8c954-2fe8-45c1-86c5-d01b50afb223")>, <selenium.webdriver.remote.webelement.WebElement (session="8e193f2007009234c10aad94c3f5d787", element="c39b3182-0cd8-4afe-aaa0-7591c7856588")>, <selenium.webdriver.remote.webelement.WebElement (session="8e193f2007009234c10aad94c3f5d787", element="fcf886a0-eb99-4732-9ba9-1548d7137500")>, <selenium.webdriver.remote.webelement.WebElement (session="8e193f2007009234c10aad94c3f5d787", element="78891277-773c-4153-98e8-071ed0667abb")>]

2020-02-05 01:05:17,135 INFO Found names: [<selenium.webdriver.remote.webelement.WebElement (session="8e193f2007009234c10aad94c3f5d787", element="bf210e63-14e7-4f3b-86cb-4a50f6c0e8b0")>, <selenium.webdriver.remote.webelement.WebElement (session="8e193f2007009234c10aad94c3f5d787", element="d776e431-5fe0-4711-a14a-88d86454ef5c")>, <selenium.webdriver.remote.webelement.WebElement (session="8e193f2007009234c10aad94c3f5d787", element="93c1daaa-d6ec-47e2-9e5a-fb71e1a69f6d")>, <selenium.webdriver.remote.webelement.WebElement (session="8e193f2007009234c10aad94c3f5d787", element="3775f28b-87ac-406f-8921-443cbbced6db")>, <selenium.webdriver.remote.webelement.WebElement (session="8e193f2007009234c10aad94c3f5d787", element="8cc61802-0812-4127-88a6-5d1d30cd403d")>, <selenium.webdriver.remote.webelement.WebElement (session="8e193f2007009234c10aad94c3f5d787", element="e8acb3b7-dcad-4db0-9481-f071174498a7")>, <selenium.webdriver.remote.webelement.WebElement (session="8e193f2007009234c10aad94c3f5d787", element="a5634edc-57cf-4074-a7fa-3548524f7deb")>, <selenium.webdriver.remote.webelement.WebElement (session="8e193f2007009234c10aad94c3f5d787", element="c1166e82-bb1f-418c-9c7a-afc3eb51eb56")>, <selenium.webdriver.remote.webelement.WebElement (session="8e193f2007009234c10aad94c3f5d787", element="f7ef184b-e15a-422b-bcf7-f8c3f4c8f45a")>, <selenium.webdriver.remote.webelement.WebElement (session="8e193f2007009234c10aad94c3f5d787", element="bfad5e2b-a08c-4fe3-8f3c-8b8bc1a20e25")>, <selenium.webdriver.remote.webelement.WebElement (session="8e193f2007009234c10aad94c3f5d787", element="2d4785b1-d087-40ea-b493-f06e6a35e4f4")>, <selenium.webdriver.remote.webelement.WebElement (session="8e193f2007009234c10aad94c3f5d787", element="c126948c-d040-4770-b431-8e591ef3e1af")>, <selenium.webdriver.remote.webelement.WebElement (session="8e193f2007009234c10aad94c3f5d787", element="ab171b7e-72b8-4e43-a998-29fe3c2046cf")>, <selenium.webdriver.remote.webelement.WebElement (session="8e193f2007009234c10aad94c3f5d787", element="677e1d02-52d6-4b11-a800-31ce7bdb7b82")>, <selenium.webdriver.remote.webelement.WebElement (session="8e193f2007009234c10aad94c3f5d787", element="3bce34e9-6936-4b9a-b4a1-1ea52aa62b21")>, <selenium.webdriver.remote.webelement.WebElement (session="8e193f2007009234c10aad94c3f5d787", element="1a410989-8e3a-4fcc-b39c-5b4d65d2e630")>, <selenium.webdriver.remote.webelement.WebElement (session="8e193f2007009234c10aad94c3f5d787", element="cc13b282-5984-45e4-9e1e-a1028dbed235")>, <selenium.webdriver.remote.webelement.WebElement (session="8e193f2007009234c10aad94c3f5d787", element="83295cea-7582-4408-9ea0-7a5414404f14")>, <selenium.webdriver.remote.webelement.WebElement (session="8e193f2007009234c10aad94c3f5d787", element="89d90536-c7b8-406a-8c7d-da1249cbcce7")>, <selenium.webdriver.remote.webelement.WebElement (session="8e193f2007009234c10aad94c3f5d787", element="cc50de39-77aa-4905-aa36-edfbc1248f01")>, <selenium.webdriver.remote.webelement.WebElement (session="8e193f2007009234c10aad94c3f5d787", element="1ba4e7ab-2f89-4f83-8432-24525671c089")>, <selenium.webdriver.remote.webelement.WebElement (session="8e193f2007009234c10aad94c3f5d787", element="530b08c1-761f-4586-9bdd-3b8b223074f9")>, <selenium.webdriver.remote.webelement.WebElement (session="8e193f2007009234c10aad94c3f5d787", element="0a689141-66bd-4c79-993d-e29b7319c5a7")>, <selenium.webdriver.remote.webelement.WebElement (session="8e193f2007009234c10aad94c3f5d787", element="b2009595-5482-4bd4-aaba-aa93fd3c6ed7")>]

2020-02-05 01:05:17,231 INFO ParseOktaButtons end
2020-02-05 01:05:17,232 INFO ClickOktaButtonByName start
2020-02-05 01:05:17,232 INFO Processing button: US-West VPN (Redlands Tech Support)

2020-02-05 01:05:17,232 INFO Found button: US-West VPN (Redlands Tech Support)
2020-02-05 01:05:17,295 INFO Clicked button: US-West VPN (Redlands Tech Support)
2020-02-05 01:05:17,295 INFO ClickOktaButtonByName end
2020-02-05 01:05:17,295 INFO Sleeping...
2020-02-05 01:05:37,306 INFO Sleeping...end
2020-02-05 01:05:37,306 INFO GoToXenApp start
2020-02-05 01:05:44,915 INFO XenAppLink: https://connect.esri.com/dana/home/launch.cgi?url=.ahuvs%3A%2F%2Fjq21t92269r3SyBB5X1CB
2020-02-05 01:05:52,936 INFO GoToXenApp end
2020-02-05 01:05:52,936 INFO LoginToXenApp start
2020-02-05 01:05:52,972 INFO LoginFrameLink: https://connect.esri.com/Citrix/XenApp/auth/,DanaInfo=.aCjvum2Vvz2kwLr66yQu76+login.aspx
2020-02-05 01:05:58,523 INFO Logging in as : den96560
2020-02-05 01:06:05,976 INFO LoginToXenApp end
2020-02-05 01:06:10,976 INFO ClickWDESkypeMenu start
2020-02-05 01:06:16,074 INFO ClickWDESkypeMenu end
2020-02-05 01:06:16,074 INFO LocateAWindowByTitle start
