2020-02-05 00:04:46,088 INFO MyLogger: CreateLogger() (<Logger Login_ (INFO)>) started at 00:04:46 
 with filename R:\sel-ram\app\log\Login_05-02-2020_00-04-46.log 
 folder R:\sel-ram\app\log
2020-02-05 00:04:46,088 INFO InitDriver start
2020-02-05 00:04:55,771 INFO InitDriver done
2020-02-05 00:04:57,771 INFO LoginToOkta started
2020-02-05 00:05:04,115 INFO Logging in as: den96560
2020-02-05 00:05:07,370 INFO WinAuth launch start
2020-02-05 00:05:28,701 INFO LaunchWinAuth done
2020-02-05 00:05:28,701 INFO Getting WinAuth code
2020-02-05 00:05:28,702 INFO Looking in R:\sel-ram\app\tmp\winauth_code.txt
2020-02-05 00:05:28,702 INFO Got code: 783439
2020-02-05 00:05:31,818 INFO Login successful
2020-02-05 00:05:41,818 INFO ParseOktaButtons start
2020-02-05 00:05:41,846 INFO Found buttons: [<selenium.webdriver.remote.webelement.WebElement (session="982e011cbebc2963c627c8288b2fa2ea", element="a3586ddd-1d4e-4e62-bc81-6e324f36a2f6")>, <selenium.webdriver.remote.webelement.WebElement (session="982e011cbebc2963c627c8288b2fa2ea", element="6488be96-f937-4385-9fa7-0ef602617414")>, <selenium.webdriver.remote.webelement.WebElement (session="982e011cbebc2963c627c8288b2fa2ea", element="1572893a-d165-45a2-b617-8fd88f4341b5")>, <selenium.webdriver.remote.webelement.WebElement (session="982e011cbebc2963c627c8288b2fa2ea", element="53af7fef-70a5-49f8-adfa-d05efdf8a970")>, <selenium.webdriver.remote.webelement.WebElement (session="982e011cbebc2963c627c8288b2fa2ea", element="818168df-4362-4214-b53c-bad47043d2af")>, <selenium.webdriver.remote.webelement.WebElement (session="982e011cbebc2963c627c8288b2fa2ea", element="9db8cd6e-0ce4-4288-8583-036f99d88c21")>, <selenium.webdriver.remote.webelement.WebElement (session="982e011cbebc2963c627c8288b2fa2ea", element="837e275f-94fd-48ba-8023-d8d9c7e6560d")>, <selenium.webdriver.remote.webelement.WebElement (session="982e011cbebc2963c627c8288b2fa2ea", element="9aca77cb-2dad-4a87-8e83-a4a3b4c31553")>, <selenium.webdriver.remote.webelement.WebElement (session="982e011cbebc2963c627c8288b2fa2ea", element="ccde0c27-ed48-4f24-8f1a-6cd62a88d6e5")>, <selenium.webdriver.remote.webelement.WebElement (session="982e011cbebc2963c627c8288b2fa2ea", element="3609a589-191e-4830-98b8-edd6b388145a")>, <selenium.webdriver.remote.webelement.WebElement (session="982e011cbebc2963c627c8288b2fa2ea", element="338026e5-6034-4e26-abba-4050745dec44")>, <selenium.webdriver.remote.webelement.WebElement (session="982e011cbebc2963c627c8288b2fa2ea", element="edf9b638-0ebd-4a91-b50e-885689f8c5c4")>, <selenium.webdriver.remote.webelement.WebElement (session="982e011cbebc2963c627c8288b2fa2ea", element="44a15255-0ec0-4848-88c8-57e7259cecbf")>, <selenium.webdriver.remote.webelement.WebElement (session="982e011cbebc2963c627c8288b2fa2ea", element="592a9338-bef2-4acf-91c7-f465a9e7f2d3")>, <selenium.webdriver.remote.webelement.WebElement (session="982e011cbebc2963c627c8288b2fa2ea", element="2196860d-809c-4b3e-abb5-ae2f984f3ddd")>, <selenium.webdriver.remote.webelement.WebElement (session="982e011cbebc2963c627c8288b2fa2ea", element="07c17d4a-7ff9-466a-bdac-29cb221c0e86")>, <selenium.webdriver.remote.webelement.WebElement (session="982e011cbebc2963c627c8288b2fa2ea", element="3d62eed0-df6f-456a-b897-a9c3844a4dfb")>, <selenium.webdriver.remote.webelement.WebElement (session="982e011cbebc2963c627c8288b2fa2ea", element="6f132fbc-5370-4fa2-bc33-a091c244d198")>, <selenium.webdriver.remote.webelement.WebElement (session="982e011cbebc2963c627c8288b2fa2ea", element="71e6ab57-508a-4101-8c04-c074e9db7b4e")>, <selenium.webdriver.remote.webelement.WebElement (session="982e011cbebc2963c627c8288b2fa2ea", element="5346305e-515a-49af-a158-c1d40e327921")>, <selenium.webdriver.remote.webelement.WebElement (session="982e011cbebc2963c627c8288b2fa2ea", element="d7c10ef5-cfed-4fab-827a-9062743a7d8a")>, <selenium.webdriver.remote.webelement.WebElement (session="982e011cbebc2963c627c8288b2fa2ea", element="e69cc7e8-f6be-4411-a8a5-281e34632dcf")>, <selenium.webdriver.remote.webelement.WebElement (session="982e011cbebc2963c627c8288b2fa2ea", element="a67273dd-bd7d-4b4a-a08a-8f3ae6ed1fbe")>, <selenium.webdriver.remote.webelement.WebElement (session="982e011cbebc2963c627c8288b2fa2ea", element="3fd116bf-757d-4fb8-8a82-3a8a38d122fd")>]

2020-02-05 00:05:41,849 INFO Found names: [<selenium.webdriver.remote.webelement.WebElement (session="982e011cbebc2963c627c8288b2fa2ea", element="78746049-4df9-44f4-b6ac-659f0921d936")>, <selenium.webdriver.remote.webelement.WebElement (session="982e011cbebc2963c627c8288b2fa2ea", element="42f56d9e-0d31-46c5-8b24-751a47d4e827")>, <selenium.webdriver.remote.webelement.WebElement (session="982e011cbebc2963c627c8288b2fa2ea", element="b8009d97-8d05-40c9-aecc-ccae8ff43fdd")>, <selenium.webdriver.remote.webelement.WebElement (session="982e011cbebc2963c627c8288b2fa2ea", element="19c4f037-e16c-4969-804b-db340a54cca1")>, <selenium.webdriver.remote.webelement.WebElement (session="982e011cbebc2963c627c8288b2fa2ea", element="c665ebb6-7c60-4d49-a567-ed49e033d4df")>, <selenium.webdriver.remote.webelement.WebElement (session="982e011cbebc2963c627c8288b2fa2ea", element="3260819b-f1e3-4426-ac4a-9c60f45a590a")>, <selenium.webdriver.remote.webelement.WebElement (session="982e011cbebc2963c627c8288b2fa2ea", element="bd37865d-acfe-4b8e-97e1-1c31ff20fc56")>, <selenium.webdriver.remote.webelement.WebElement (session="982e011cbebc2963c627c8288b2fa2ea", element="fbe0cd47-292b-4e08-89c4-9d8a27d0754f")>, <selenium.webdriver.remote.webelement.WebElement (session="982e011cbebc2963c627c8288b2fa2ea", element="ed41eb47-8e93-41eb-bbb8-0c9637b72a11")>, <selenium.webdriver.remote.webelement.WebElement (session="982e011cbebc2963c627c8288b2fa2ea", element="3a54adff-8192-480d-b1ff-a053ec926df4")>, <selenium.webdriver.remote.webelement.WebElement (session="982e011cbebc2963c627c8288b2fa2ea", element="129bcffd-1daf-41b8-a156-887fcf56ffe2")>, <selenium.webdriver.remote.webelement.WebElement (session="982e011cbebc2963c627c8288b2fa2ea", element="43a3b3d5-19e9-4afd-81f3-8e734f28f1ba")>, <selenium.webdriver.remote.webelement.WebElement (session="982e011cbebc2963c627c8288b2fa2ea", element="af05483b-736d-4981-b402-add9ea70c9f9")>, <selenium.webdriver.remote.webelement.WebElement (session="982e011cbebc2963c627c8288b2fa2ea", element="998ba20d-0e84-46b8-ab5f-a36adae4b854")>, <selenium.webdriver.remote.webelement.WebElement (session="982e011cbebc2963c627c8288b2fa2ea", element="30080ac0-b9ac-4f52-bfd8-a11be5119ae4")>, <selenium.webdriver.remote.webelement.WebElement (session="982e011cbebc2963c627c8288b2fa2ea", element="42ce0c7b-94bb-49fe-b591-9d7f191611b0")>, <selenium.webdriver.remote.webelement.WebElement (session="982e011cbebc2963c627c8288b2fa2ea", element="731cf139-cb33-479c-bb29-e90f872856da")>, <selenium.webdriver.remote.webelement.WebElement (session="982e011cbebc2963c627c8288b2fa2ea", element="253cb666-c37d-4468-813a-f2b8f9c303d6")>, <selenium.webdriver.remote.webelement.WebElement (session="982e011cbebc2963c627c8288b2fa2ea", element="15c9c23b-45a8-4ec0-bcb8-1642627c0b7e")>, <selenium.webdriver.remote.webelement.WebElement (session="982e011cbebc2963c627c8288b2fa2ea", element="e5a8e70d-732d-42e0-8de3-4d8a157bafd9")>, <selenium.webdriver.remote.webelement.WebElement (session="982e011cbebc2963c627c8288b2fa2ea", element="8b0cb55b-cebc-433a-8a90-1d833d921020")>, <selenium.webdriver.remote.webelement.WebElement (session="982e011cbebc2963c627c8288b2fa2ea", element="25b84027-336f-4702-b732-d5cb2d13f9ba")>, <selenium.webdriver.remote.webelement.WebElement (session="982e011cbebc2963c627c8288b2fa2ea", element="f8c265f3-e7c5-4d16-a5f0-6cf540bc9ca0")>, <selenium.webdriver.remote.webelement.WebElement (session="982e011cbebc2963c627c8288b2fa2ea", element="7d5d2dcc-538e-4277-9f8f-54c5f7c26860")>]

2020-02-05 00:05:41,953 INFO ParseOktaButtons end
2020-02-05 00:05:41,953 INFO ClickOktaButtonByName start
2020-02-05 00:05:41,954 INFO Processing button: US-West VPN (Redlands Tech Support)

2020-02-05 00:05:41,954 INFO Found button: US-West VPN (Redlands Tech Support)
2020-02-05 00:05:42,044 INFO Clicked button: US-West VPN (Redlands Tech Support)
2020-02-05 00:05:42,045 INFO ClickOktaButtonByName end
2020-02-05 00:05:42,045 INFO Sleeping...
2020-02-05 00:06:02,052 INFO Sleeping...end
2020-02-05 00:06:02,052 INFO GoToXenApp start
2020-02-05 00:06:09,879 INFO XenAppLink: https://connect.esri.com/dana/home/launch.cgi?url=.ahuvs%3A%2F%2Fjq21t92269r3SyBB5X1CB
2020-02-05 00:06:18,382 INFO GoToXenApp end
2020-02-05 00:06:18,382 INFO LoginToXenApp start
2020-02-05 00:06:18,409 INFO LoginFrameLink: https://connect.esri.com/Citrix/XenApp/auth/,DanaInfo=.aCjvum2Vvz2kwLr66yQu76+login.aspx
2020-02-05 00:06:23,949 INFO Logging in as : den96560
2020-02-05 00:06:31,457 INFO LoginToXenApp end
2020-02-05 00:06:36,457 INFO ClickWDESkypeMenu start
2020-02-05 00:06:41,540 INFO ClickWDESkypeMenu end
2020-02-05 00:06:41,540 INFO LocateAWindowByTitle start
2020-02-05 00:06:48,897 INFO Attempt 1
2020-02-05 00:06:48,897 INFO ExitCode: 0
2020-02-05 00:06:48,898 INFO Window "Support Services - \\Remote" found, proceed
2020-02-05 00:06:51,898 INFO LocateAWindowByTitle end
2020-02-05 00:06:56,898 INFO ProcessWDE start: LogInToSkype
2020-02-05 00:06:58,898 INFO Starting exe file...
2020-02-05 00:06:59,041 INFO Got LogInToSkypeClickButtonAtMainWindow start
2020-02-05 00:06:59,042 INFO 
2020-02-05 00:06:59,042 INFO FindAWindow start, attempt 1 of 3
2020-02-05 00:06:59,042 INFO Target: Support Services - \\Remote
2020-02-05 00:07:00,842 INFO Title: Support Services - \\Remote
2020-02-05 00:07:00,842 INFO Handle: 0x00030536
2020-02-05 00:07:00,843 INFO Found a window: 0x00030536
2020-02-05 00:07:00,843 INFO FindAWindow(): found
2020-02-05 00:07:00,843 INFO Current handle: 0x00030536
2020-02-05 00:07:05,093 INFO 
2020-02-05 00:07:05,093 INFO GetWindowPos start
2020-02-05 00:07:05,094 INFO Target: 0x00030536
2020-02-05 00:07:05,094 INFO X-Pos: 0
2020-02-05 00:07:05,094 INFO Y-Pos: 0
2020-02-05 00:07:05,095 INFO Width: 181
2020-02-05 00:07:05,095 INFO Height: 261
2020-02-05 00:07:07,093 INFO 
2020-02-05 00:07:07,093 INFO Click left
2020-02-05 00:07:07,094 INFO X: 71
2020-02-05 00:07:07,094 INFO Y: 147
2020-02-05 00:07:08,394 INFO ClickButtonAtMainWindow end
2020-02-05 00:07:18,394 INFO 
2020-02-05 00:07:18,395 INFO FindAWindow start, attempt 1 of 3
2020-02-05 00:07:18,395 INFO Target: Skype for Business  - \\Remote
2020-02-05 00:07:19,304 INFO Found a window: 0x00050422
2020-02-05 00:07:19,304 INFO FindAWindow(): found
2020-02-05 00:07:19,305 INFO Current handle: 0x00050422
2020-02-05 00:07:21,304 INFO 
2020-02-05 00:07:21,304 INFO GetWindowPos start
2020-02-05 00:07:21,305 INFO Target: 0x00050422
2020-02-05 00:07:21,305 INFO X-Pos: 30
2020-02-05 00:07:21,305 INFO Y-Pos: 30
2020-02-05 00:07:21,306 INFO Width: 402
2020-02-05 00:07:21,306 INFO Height: 724
2020-02-05 00:07:23,805 INFO 
2020-02-05 00:07:23,805 INFO Click left
2020-02-05 00:07:23,806 INFO X: 31.5
2020-02-05 00:07:23,806 INFO Y: 31.5
2020-02-05 00:07:27,015 INFO 
2020-02-05 00:07:27,015 INFO Click left
2020-02-05 00:07:27,016 INFO X: 400
2020-02-05 00:07:27,016 INFO Y: 176
2020-02-05 00:07:30,246 INFO 
2020-02-05 00:07:30,246 INFO Click left
2020-02-05 00:07:30,247 INFO X: 84
2020-02-05 00:07:30,247 INFO Y: 162
2020-02-05 00:07:33,476 INFO 
2020-02-05 00:07:33,476 INFO Click left
2020-02-05 00:07:33,477 INFO X: 704
2020-02-05 00:07:33,477 INFO Y: 132
2020-02-05 00:07:36,786 INFO KeyPress: {UP} 1
2020-02-05 00:07:36,787 INFO Time 60ms
2020-02-05 00:07:36,846 INFO KeyPress: {UP} 2
2020-02-05 00:07:36,846 INFO Time 59.8ms
2020-02-05 00:07:36,906 INFO KeyPress: {UP} 3
2020-02-05 00:07:36,906 INFO Time 60.1ms
2020-02-05 00:07:36,966 INFO KeyPress: {UP} 4
2020-02-05 00:07:36,966 INFO Time 60.1ms
2020-02-05 00:07:37,026 INFO KeyPress: {UP} 5
2020-02-05 00:07:37,026 INFO Time 60.1ms
2020-02-05 00:07:37,086 INFO KeyPress: {UP} 6
2020-02-05 00:07:37,086 INFO Time 60ms
2020-02-05 00:07:37,146 INFO KeyPress: {UP} 7
2020-02-05 00:07:37,146 INFO Time 60.1ms
2020-02-05 00:07:37,206 INFO KeyPress: {UP} 8
2020-02-05 00:07:37,206 INFO Time 59.8ms
2020-02-05 00:07:37,266 INFO KeyPress: {UP} 9
2020-02-05 00:07:37,266 INFO Time 60.2ms
2020-02-05 00:07:37,326 INFO KeyPress: {UP} 10
2020-02-05 00:07:37,326 INFO Time 60ms
2020-02-05 00:07:37,386 INFO KeyPress: {UP} 11
2020-02-05 00:07:37,386 INFO Time 60ms
2020-02-05 00:07:37,446 INFO KeyPress: {UP} 12
2020-02-05 00:07:37,446 INFO Time 60.1ms
2020-02-05 00:07:37,506 INFO KeyPress: {UP} 13
2020-02-05 00:07:37,506 INFO Time 59.8ms
2020-02-05 00:07:37,566 INFO KeyPress: {UP} 14
2020-02-05 00:07:37,566 INFO Time 60.1ms
2020-02-05 00:07:37,626 INFO KeyPress: {UP} 15
2020-02-05 00:07:37,626 INFO Time 60ms
2020-02-05 00:07:37,686 INFO KeyPress: {UP} 16
2020-02-05 00:07:37,686 INFO Time 60ms
2020-02-05 00:07:37,746 INFO KeyPress: {UP} 17
2020-02-05 00:07:37,746 INFO Time 60ms
2020-02-05 00:07:37,806 INFO KeyPress: {UP} 18
2020-02-05 00:07:37,806 INFO Time 59.9ms
2020-02-05 00:07:37,866 INFO KeyPress: {UP} 19
2020-02-05 00:07:37,866 INFO Time 60ms
2020-02-05 00:07:37,926 INFO KeyPress: {UP} 20
2020-02-05 00:07:37,926 INFO Time 60.1ms
2020-02-05 00:07:37,986 INFO KeyPress: {UP} 21
2020-02-05 00:07:37,986 INFO Time 60ms
2020-02-05 00:07:38,046 INFO KeyPress: {UP} 22
2020-02-05 00:07:38,046 INFO Time 60.1ms
2020-02-05 00:07:38,106 INFO KeyPress: {UP} 23
2020-02-05 00:07:38,106 INFO Time 59.8ms
2020-02-05 00:07:38,166 INFO KeyPress: {UP} 24
2020-02-05 00:07:38,166 INFO Time 60.2ms
2020-02-05 00:07:38,226 INFO KeyPress: {UP} 25
2020-02-05 00:07:38,226 INFO Time 60ms
2020-02-05 00:07:38,286 INFO KeyPress: {UP} 26
2020-02-05 00:07:38,286 INFO Time 59.9ms
2020-02-05 00:07:38,346 INFO KeyPress: {UP} 27
2020-02-05 00:07:38,346 INFO Time 60.1ms
2020-02-05 00:07:38,406 INFO KeyPress: {UP} 28
2020-02-05 00:07:38,406 INFO Time 59.8ms
2020-02-05 00:07:38,466 INFO KeyPress: {UP} 29
2020-02-05 00:07:38,467 INFO Time 60.2ms
2020-02-05 00:07:38,526 INFO KeyPress: {UP} 30
2020-02-05 00:07:38,526 INFO Time 60ms
2020-02-05 00:07:38,586 INFO KeyPress: {UP} 31
2020-02-05 00:07:38,586 INFO Time 59.8ms
2020-02-05 00:07:38,646 INFO KeyPress: {UP} 32
2020-02-05 00:07:38,646 INFO Time 60.2ms
2020-02-05 00:07:38,706 INFO KeyPress: {UP} 33
2020-02-05 00:07:38,706 INFO Time 59.9ms
2020-02-05 00:07:38,766 INFO KeyPress: {UP} 34
2020-02-05 00:07:38,766 INFO Time 60.1ms
2020-02-05 00:07:38,826 INFO KeyPress: {UP} 35
2020-02-05 00:07:38,826 INFO Time 60ms
2020-02-05 00:07:38,886 INFO KeyPress: {UP} 36
2020-02-05 00:07:38,886 INFO Time 60ms
2020-02-05 00:07:38,946 INFO KeyPress: {UP} 37
2020-02-05 00:07:38,946 INFO Time 59.8ms
2020-02-05 00:07:39,006 INFO KeyPress: {UP} 38
2020-02-05 00:07:39,006 INFO Time 60ms
2020-02-05 00:07:39,066 INFO KeyPress: {UP} 39
2020-02-05 00:07:39,066 INFO Time 60.2ms
2020-02-05 00:07:39,126 INFO KeyPress: {UP} 40
2020-02-05 00:07:39,126 INFO Time 59.8ms
2020-02-05 00:07:39,186 INFO KeyPress: {UP} 41
2020-02-05 00:07:39,186 INFO Time 60ms
2020-02-05 00:07:39,246 INFO KeyPress: {UP} 42
2020-02-05 00:07:39,246 INFO Time 60.2ms
2020-02-05 00:07:39,306 INFO KeyPress: {UP} 43
2020-02-05 00:07:39,306 INFO Time 59.8ms
2020-02-05 00:07:39,366 INFO KeyPress: {UP} 44
2020-02-05 00:07:39,366 INFO Time 60.2ms
2020-02-05 00:07:39,426 INFO KeyPress: {UP} 45
2020-02-05 00:07:39,426 INFO Time 60ms
2020-02-05 00:07:39,486 INFO KeyPress: {UP} 46
2020-02-05 00:07:39,486 INFO Time 60ms
2020-02-05 00:07:39,546 INFO KeyPress: {UP} 47
2020-02-05 00:07:39,546 INFO Time 59.9ms
2020-02-05 00:07:39,606 INFO KeyPress: {UP} 48
2020-02-05 00:07:39,606 INFO Time 59.9ms
2020-02-05 00:07:39,666 INFO KeyPress: {UP} 49
2020-02-05 00:07:39,666 INFO Time 60.1ms
2020-02-05 00:07:39,726 INFO KeyPress: {UP} 50
2020-02-05 00:07:39,726 INFO Time 59.9ms
2020-02-05 00:07:39,786 INFO KeyPress: {UP} 51
2020-02-05 00:07:39,786 INFO Time 60.1ms
2020-02-05 00:07:39,846 INFO KeyPress: {UP} 52
2020-02-05 00:07:39,847 INFO Time 60.5ms
2020-02-05 00:07:39,906 INFO KeyPress: {UP} 53
2020-02-05 00:07:39,906 INFO Time 59.4ms
2020-02-05 00:07:39,966 INFO KeyPress: {UP} 54
2020-02-05 00:07:39,966 INFO Time 60.2ms
2020-02-05 00:07:40,026 INFO KeyPress: {UP} 55
2020-02-05 00:07:40,026 INFO Time 59.9ms
2020-02-05 00:07:40,086 INFO KeyPress: {UP} 56
2020-02-05 00:07:40,086 INFO Time 60ms
2020-02-05 00:07:40,146 INFO KeyPress: {UP} 57
2020-02-05 00:07:40,146 INFO Time 60.1ms
2020-02-05 00:07:40,206 INFO KeyPress: {UP} 58
2020-02-05 00:07:40,206 INFO Time 59.8ms
2020-02-05 00:07:40,266 INFO KeyPress: {UP} 59
2020-02-05 00:07:40,266 INFO Time 60.2ms
2020-02-05 00:07:40,326 INFO KeyPress: {UP} 60
2020-02-05 00:07:40,326 INFO Time 60ms
2020-02-05 00:07:40,386 INFO KeyPress: {UP} 61
2020-02-05 00:07:40,386 INFO Time 60ms
2020-02-05 00:07:40,446 INFO KeyPress: {UP} 62
2020-02-05 00:07:40,446 INFO Time 60ms
2020-02-05 00:07:40,506 INFO KeyPress: {UP} 63
2020-02-05 00:07:40,506 INFO Time 59.8ms
2020-02-05 00:07:40,566 INFO KeyPress: {UP} 64
2020-02-05 00:07:40,566 INFO Time 60ms
2020-02-05 00:07:40,626 INFO KeyPress: {UP} 65
2020-02-05 00:07:40,626 INFO Time 60.2ms
2020-02-05 00:07:40,686 INFO KeyPress: {UP} 66
2020-02-05 00:07:40,686 INFO Time 59.9ms
2020-02-05 00:07:40,746 INFO KeyPress: {UP} 67
2020-02-05 00:07:40,746 INFO Time 59.9ms
2020-02-05 00:07:40,806 INFO KeyPress: {UP} 68
2020-02-05 00:07:40,806 INFO Time 60ms
2020-02-05 00:07:40,866 INFO KeyPress: {UP} 69
2020-02-05 00:07:40,866 INFO Time 60.1ms
2020-02-05 00:07:40,926 INFO KeyPress: {UP} 70
2020-02-05 00:07:40,926 INFO Time 60ms
2020-02-05 00:07:40,986 INFO KeyPress: {UP} 71
2020-02-05 00:07:40,986 INFO Time 60ms
2020-02-05 00:07:41,046 INFO KeyPress: {UP} 72
2020-02-05 00:07:41,046 INFO Time 59.8ms
2020-02-05 00:07:41,106 INFO KeyPress: {UP} 73
2020-02-05 00:07:41,106 INFO Time 60ms
2020-02-05 00:07:41,166 INFO KeyPress: {UP} 74
2020-02-05 00:07:41,166 INFO Time 60.2ms
2020-02-05 00:07:41,226 INFO KeyPress: {UP} 75
2020-02-05 00:07:41,226 INFO Time 60ms
2020-02-05 00:07:41,286 INFO KeyPress: {UP} 76
2020-02-05 00:07:41,286 INFO Time 60ms
2020-02-05 00:07:41,346 INFO KeyPress: {UP} 77
2020-02-05 00:07:41,346 INFO Time 60ms
2020-02-05 00:07:41,406 INFO KeyPress: {UP} 78
2020-02-05 00:07:41,406 INFO Time 59.8ms
2020-02-05 00:07:41,466 INFO KeyPress: {UP} 79
2020-02-05 00:07:41,466 INFO Time 60.2ms
2020-02-05 00:07:41,526 INFO KeyPress: {UP} 80
2020-02-05 00:07:41,526 INFO Time 60ms
2020-02-05 00:07:41,586 INFO KeyPress: {UP} 81
2020-02-05 00:07:41,586 INFO Time 60ms
2020-02-05 00:07:41,646 INFO KeyPress: {UP} 82
2020-02-05 00:07:41,646 INFO Time 60ms
2020-02-05 00:07:41,706 INFO KeyPress: {UP} 83
2020-02-05 00:07:41,706 INFO Time 59.8ms
2020-02-05 00:07:41,766 INFO KeyPress: {UP} 84
2020-02-05 00:07:41,766 INFO Time 60.1ms
2020-02-05 00:07:41,826 INFO KeyPress: {UP} 85
2020-02-05 00:07:41,827 INFO Time 60.1ms
2020-02-05 00:07:41,886 INFO KeyPress: {UP} 86
2020-02-05 00:07:41,886 INFO Time 60ms
2020-02-05 00:07:41,946 INFO KeyPress: {UP} 87
2020-02-05 00:07:41,946 INFO Time 60ms
2020-02-05 00:07:42,006 INFO KeyPress: {UP} 88
2020-02-05 00:07:42,006 INFO Time 59.8ms
2020-02-05 00:07:42,066 INFO KeyPress: {UP} 89
2020-02-05 00:07:42,067 INFO Time 60.2ms
2020-02-05 00:07:42,126 INFO KeyPress: {UP} 90
2020-02-05 00:07:42,126 INFO Time 59.8ms
2020-02-05 00:07:42,186 INFO KeyPress: {UP} 91
2020-02-05 00:07:42,187 INFO Time 60.2ms
2020-02-05 00:07:42,247 INFO KeyPress: {UP} 92
2020-02-05 00:07:42,247 INFO Time 61ms
2020-02-05 00:07:42,307 INFO KeyPress: {UP} 93
2020-02-05 00:07:42,307 INFO Time 60ms
2020-02-05 00:07:42,367 INFO KeyPress: {UP} 94
2020-02-05 00:07:42,367 INFO Time 60ms
2020-02-05 00:07:42,427 INFO KeyPress: {UP} 95
2020-02-05 00:07:42,427 INFO Time 60ms
2020-02-05 00:07:42,487 INFO KeyPress: {UP} 96
2020-02-05 00:07:42,487 INFO Time 60ms
2020-02-05 00:07:42,547 INFO KeyPress: {UP} 97
2020-02-05 00:07:42,547 INFO Time 60ms
2020-02-05 00:07:42,607 INFO KeyPress: {UP} 98
2020-02-05 00:07:42,607 INFO Time 59.9ms
2020-02-05 00:07:42,667 INFO KeyPress: {UP} 99
2020-02-05 00:07:42,667 INFO Time 60.1ms
2020-02-05 00:07:42,727 INFO KeyPress: {UP} 100
2020-02-05 00:07:42,727 INFO Time 60ms
2020-02-05 00:07:42,787 INFO KeyPress: {UP} 101
2020-02-05 00:07:42,787 INFO Time 60ms
2020-02-05 00:07:42,847 INFO KeyPress: {UP} 102
2020-02-05 00:07:42,847 INFO Time 60ms
2020-02-05 00:07:42,907 INFO KeyPress: {UP} 103
2020-02-05 00:07:42,907 INFO Time 60.2ms
2020-02-05 00:07:42,967 INFO KeyPress: {UP} 104
2020-02-05 00:07:42,967 INFO Time 59.9ms
2020-02-05 00:07:43,027 INFO KeyPress: {UP} 105
2020-02-05 00:07:43,027 INFO Time 60ms
2020-02-05 00:07:43,087 INFO KeyPress: {UP} 106
2020-02-05 00:07:43,087 INFO Time 60ms
2020-02-05 00:07:43,147 INFO KeyPress: {UP} 107
2020-02-05 00:07:43,147 INFO Time 60ms
2020-02-05 00:07:43,207 INFO KeyPress: {UP} 108
2020-02-05 00:07:43,207 INFO Time 59.9ms
2020-02-05 00:07:43,267 INFO KeyPress: {UP} 109
2020-02-05 00:07:43,267 INFO Time 60.1ms
2020-02-05 00:07:43,327 INFO KeyPress: {UP} 110
2020-02-05 00:07:43,327 INFO Time 60ms
2020-02-05 00:07:43,387 INFO KeyPress: {UP} 111
2020-02-05 00:07:43,387 INFO Time 60ms
2020-02-05 00:07:43,447 INFO KeyPress: {UP} 112
2020-02-05 00:07:43,447 INFO Time 59.9ms
2020-02-05 00:07:43,507 INFO KeyPress: {UP} 113
2020-02-05 00:07:43,507 INFO Time 59.9ms
2020-02-05 00:07:43,567 INFO KeyPress: {UP} 114
2020-02-05 00:07:43,567 INFO Time 60.2ms
2020-02-05 00:07:43,627 INFO KeyPress: {UP} 115
2020-02-05 00:07:43,627 INFO Time 60ms
2020-02-05 00:07:43,687 INFO KeyPress: {UP} 116
2020-02-05 00:07:43,687 INFO Time 59.9ms
2020-02-05 00:07:43,747 INFO KeyPress: {UP} 117
2020-02-05 00:07:43,747 INFO Time 60ms
2020-02-05 00:07:43,807 INFO KeyPress: {UP} 118
2020-02-05 00:07:43,807 INFO Time 60ms
2020-02-05 00:07:43,867 INFO KeyPress: {UP} 119
2020-02-05 00:07:43,867 INFO Time 60.1ms
2020-02-05 00:07:43,927 INFO KeyPress: {UP} 120
2020-02-05 00:07:43,927 INFO Time 60ms
2020-02-05 00:07:43,987 INFO KeyPress: {UP} 121
2020-02-05 00:07:43,987 INFO Time 60ms
2020-02-05 00:07:44,047 INFO KeyPress: {UP} 122
2020-02-05 00:07:44,047 INFO Time 60ms
2020-02-05 00:07:44,107 INFO KeyPress: {UP} 123
2020-02-05 00:07:44,107 INFO Time 59.8ms
2020-02-05 00:07:44,167 INFO KeyPress: {UP} 124
2020-02-05 00:07:44,167 INFO Time 60.2ms
2020-02-05 00:07:44,227 INFO KeyPress: {UP} 125
2020-02-05 00:07:44,227 INFO Time 59.8ms
2020-02-05 00:07:44,287 INFO KeyPress: {UP} 126
2020-02-05 00:07:44,287 INFO Time 60ms
2020-02-05 00:07:44,347 INFO KeyPress: {UP} 127
2020-02-05 00:07:44,347 INFO Time 60.2ms
2020-02-05 00:07:44,407 INFO KeyPress: {UP} 128
2020-02-05 00:07:44,407 INFO Time 59.9ms
2020-02-05 00:07:44,467 INFO KeyPress: {UP} 129
2020-02-05 00:07:44,467 INFO Time 60.1ms
2020-02-05 00:07:44,527 INFO KeyPress: {UP} 130
2020-02-05 00:07:44,527 INFO Time 60ms
2020-02-05 00:07:44,587 INFO KeyPress: {UP} 131
2020-02-05 00:07:44,587 INFO Time 60ms
2020-02-05 00:07:44,647 INFO KeyPress: {UP} 132
2020-02-05 00:07:44,647 INFO Time 59.9ms
2020-02-05 00:07:44,707 INFO KeyPress: {UP} 133
2020-02-05 00:07:44,707 INFO Time 60ms
2020-02-05 00:07:44,767 INFO KeyPress: {UP} 134
2020-02-05 00:07:44,767 INFO Time 60.1ms
2020-02-05 00:07:44,827 INFO KeyPress: {UP} 135
2020-02-05 00:07:44,827 INFO Time 60ms
2020-02-05 00:07:44,887 INFO KeyPress: {UP} 136
2020-02-05 00:07:44,887 INFO Time 60ms
2020-02-05 00:07:44,947 INFO KeyPress: {UP} 137
2020-02-05 00:07:44,947 INFO Time 60ms
2020-02-05 00:07:45,007 INFO KeyPress: {UP} 138
2020-02-05 00:07:45,007 INFO Time 59.8ms
2020-02-05 00:07:45,067 INFO KeyPress: {UP} 139
2020-02-05 00:07:45,067 INFO Time 60.2ms
2020-02-05 00:07:45,127 INFO KeyPress: {UP} 140
2020-02-05 00:07:45,127 INFO Time 60ms
2020-02-05 00:07:45,187 INFO KeyPress: {UP} 141
2020-02-05 00:07:45,187 INFO Time 60ms
2020-02-05 00:07:45,247 INFO KeyPress: {UP} 142
2020-02-05 00:07:45,248 INFO Time 60ms
2020-02-05 00:07:45,307 INFO KeyPress: {UP} 143
2020-02-05 00:07:45,307 INFO Time 59.8ms
2020-02-05 00:07:45,367 INFO KeyPress: {UP} 144
2020-02-05 00:07:45,367 INFO Time 60ms
2020-02-05 00:07:45,427 INFO KeyPress: {UP} 145
2020-02-05 00:07:45,427 INFO Time 60.1ms
2020-02-05 00:07:45,487 INFO KeyPress: {UP} 146
2020-02-05 00:07:45,487 INFO Time 60ms
2020-02-05 00:07:45,547 INFO KeyPress: {UP} 147
2020-02-05 00:07:45,547 INFO Time 60ms
2020-02-05 00:07:45,607 INFO KeyPress: {UP} 148
2020-02-05 00:07:45,607 INFO Time 60ms
2020-02-05 00:07:45,667 INFO KeyPress: {UP} 149
2020-02-05 00:07:45,668 INFO Time 60.1ms
2020-02-05 00:07:45,727 INFO KeyPress: {UP} 150
2020-02-05 00:07:45,727 INFO Time 59.9ms
2020-02-05 00:07:45,787 INFO KeyPress: {UP} 151
2020-02-05 00:07:45,787 INFO Time 60ms
2020-02-05 00:07:45,847 INFO KeyPress: {UP} 152
2020-02-05 00:07:45,847 INFO Time 60.1ms
2020-02-05 00:07:45,907 INFO KeyPress: {UP} 153
2020-02-05 00:07:45,907 INFO Time 59.8ms
2020-02-05 00:07:45,967 INFO KeyPress: {UP} 154
2020-02-05 00:07:45,967 INFO Time 60.3ms
2020-02-05 00:07:46,027 INFO KeyPress: {UP} 155
2020-02-05 00:07:46,027 INFO Time 59.9ms
2020-02-05 00:07:46,087 INFO KeyPress: {UP} 156
2020-02-05 00:07:46,087 INFO Time 60ms
2020-02-05 00:07:46,147 INFO KeyPress: {UP} 157
2020-02-05 00:07:46,147 INFO Time 60ms
2020-02-05 00:07:46,207 INFO KeyPress: {UP} 158
2020-02-05 00:07:46,207 INFO Time 59.9ms
2020-02-05 00:07:46,267 INFO KeyPress: {UP} 159
2020-02-05 00:07:46,267 INFO Time 60.1ms
2020-02-05 00:07:46,327 INFO KeyPress: {UP} 160
2020-02-05 00:07:46,327 INFO Time 60ms
2020-02-05 00:07:46,387 INFO KeyPress: {UP} 161
2020-02-05 00:07:46,387 INFO Time 59.8ms
2020-02-05 00:07:46,447 INFO KeyPress: {UP} 162
2020-02-05 00:07:46,447 INFO Time 60.2ms
2020-02-05 00:07:46,507 INFO KeyPress: {UP} 163
2020-02-05 00:07:46,507 INFO Time 59.8ms
2020-02-05 00:07:46,567 INFO KeyPress: {UP} 164
2020-02-05 00:07:46,567 INFO Time 60.2ms
2020-02-05 00:07:46,627 INFO KeyPress: {UP} 165
2020-02-05 00:07:46,627 INFO Time 59.8ms
2020-02-05 00:07:46,687 INFO KeyPress: {UP} 166
2020-02-05 00:07:46,687 INFO Time 60.2ms
2020-02-05 00:07:46,747 INFO KeyPress: {UP} 167
2020-02-05 00:07:46,747 INFO Time 60ms
2020-02-05 00:07:46,807 INFO KeyPress: {UP} 168
2020-02-05 00:07:46,807 INFO Time 59.9ms
2020-02-05 00:07:46,867 INFO KeyPress: {UP} 169
2020-02-05 00:07:46,867 INFO Time 60ms
2020-02-05 00:07:46,927 INFO KeyPress: {UP} 170
2020-02-05 00:07:46,927 INFO Time 60.1ms
2020-02-05 00:07:46,987 INFO KeyPress: {UP} 171
2020-02-05 00:07:46,987 INFO Time 60ms
2020-02-05 00:07:47,047 INFO KeyPress: {UP} 172
2020-02-05 00:07:47,047 INFO Time 60ms
2020-02-05 00:07:47,107 INFO KeyPress: {UP} 173
2020-02-05 00:07:47,107 INFO Time 59.9ms
2020-02-05 00:07:47,167 INFO KeyPress: {UP} 174
2020-02-05 00:07:47,167 INFO Time 60.1ms
2020-02-05 00:07:47,227 INFO KeyPress: {UP} 175
2020-02-05 00:07:47,227 INFO Time 60ms
2020-02-05 00:07:47,287 INFO KeyPress: {UP} 176
2020-02-05 00:07:47,287 INFO Time 60ms
2020-02-05 00:07:47,347 INFO KeyPress: {UP} 177
2020-02-05 00:07:47,347 INFO Time 59.9ms
2020-02-05 00:07:47,407 INFO KeyPress: {UP} 178
2020-02-05 00:07:47,407 INFO Time 60.1ms
2020-02-05 00:07:47,467 INFO KeyPress: {UP} 179
2020-02-05 00:07:47,467 INFO Time 59.8ms
2020-02-05 00:07:47,527 INFO KeyPress: {UP} 180
2020-02-05 00:07:47,527 INFO Time 60.2ms
2020-02-05 00:07:47,587 INFO KeyPress: {UP} 181
2020-02-05 00:07:47,588 INFO Time 60ms
2020-02-05 00:07:47,647 INFO KeyPress: {UP} 182
2020-02-05 00:07:47,647 INFO Time 60ms
2020-02-05 00:07:47,707 INFO KeyPress: {UP} 183
2020-02-05 00:07:47,707 INFO Time 60ms
2020-02-05 00:07:47,767 INFO KeyPress: {UP} 184
2020-02-05 00:07:47,767 INFO Time 60ms
2020-02-05 00:07:47,827 INFO KeyPress: {UP} 185
2020-02-05 00:07:47,827 INFO Time 60ms
2020-02-05 00:07:47,887 INFO KeyPress: {UP} 186
2020-02-05 00:07:47,887 INFO Time 60ms
2020-02-05 00:07:47,947 INFO KeyPress: {UP} 187
2020-02-05 00:07:47,947 INFO Time 60ms
2020-02-05 00:07:48,007 INFO KeyPress: {UP} 188
2020-02-05 00:07:48,007 INFO Time 59.8ms
2020-02-05 00:07:48,067 INFO KeyPress: {UP} 189
2020-02-05 00:07:48,067 INFO Time 60.2ms
2020-02-05 00:07:48,127 INFO KeyPress: {UP} 190
2020-02-05 00:07:48,127 INFO Time 60ms
2020-02-05 00:07:48,187 INFO KeyPress: {UP} 191
2020-02-05 00:07:48,187 INFO Time 60ms
2020-02-05 00:07:48,247 INFO KeyPress: {UP} 192
2020-02-05 00:07:48,247 INFO Time 60ms
2020-02-05 00:07:48,307 INFO KeyPress: {UP} 193
2020-02-05 00:07:48,307 INFO Time 59.8ms
2020-02-05 00:07:48,367 INFO KeyPress: {UP} 194
2020-02-05 00:07:48,367 INFO Time 60.2ms
2020-02-05 00:07:48,427 INFO KeyPress: {UP} 195
2020-02-05 00:07:48,427 INFO Time 60ms
2020-02-05 00:07:48,487 INFO KeyPress: {UP} 196
2020-02-05 00:07:48,487 INFO Time 60ms
2020-02-05 00:07:48,547 INFO KeyPress: {UP} 197
2020-02-05 00:07:48,547 INFO Time 59.8ms
2020-02-05 00:07:48,607 INFO KeyPress: {UP} 198
2020-02-05 00:07:48,607 INFO Time 60.1ms
2020-02-05 00:07:48,667 INFO KeyPress: {UP} 199
2020-02-05 00:07:48,667 INFO Time 60.1ms
2020-02-05 00:07:48,727 INFO KeyPress: {UP} 200
2020-02-05 00:07:48,727 INFO Time 59.9ms
2020-02-05 00:07:48,787 INFO KeyPress: {UP} 201
2020-02-05 00:07:48,787 INFO Time 60ms
2020-02-05 00:07:48,847 INFO KeyPress: {UP} 202
2020-02-05 00:07:48,848 INFO Time 60ms
2020-02-05 00:07:48,907 INFO KeyPress: {UP} 203
2020-02-05 00:07:48,907 INFO Time 60ms
2020-02-05 00:07:48,967 INFO KeyPress: {UP} 204
2020-02-05 00:07:48,968 INFO Time 60ms
2020-02-05 00:07:49,027 INFO KeyPress: {UP} 205
2020-02-05 00:07:49,027 INFO Time 60.1ms
2020-02-05 00:07:49,087 INFO KeyPress: {UP} 206
2020-02-05 00:07:49,087 INFO Time 59.9ms
2020-02-05 00:07:49,147 INFO KeyPress: {UP} 207
2020-02-05 00:07:49,147 INFO Time 60ms
2020-02-05 00:07:49,207 INFO KeyPress: {UP} 208
2020-02-05 00:07:49,207 INFO Time 59.8ms
2020-02-05 00:07:49,267 INFO KeyPress: {UP} 209
2020-02-05 00:07:49,267 INFO Time 60ms
2020-02-05 00:07:49,327 INFO KeyPress: {UP} 210
2020-02-05 00:07:49,327 INFO Time 60ms
2020-02-05 00:07:49,387 INFO KeyPress: {UP} 211
2020-02-05 00:07:49,387 INFO Time 60.2ms
2020-02-05 00:07:49,447 INFO KeyPress: {UP} 212
2020-02-05 00:07:49,447 INFO Time 60ms
2020-02-05 00:07:49,507 INFO KeyPress: {UP} 213
2020-02-05 00:07:49,507 INFO Time 59.9ms
2020-02-05 00:07:49,567 INFO KeyPress: {UP} 214
2020-02-05 00:07:49,567 INFO Time 60.2ms
2020-02-05 00:07:49,627 INFO KeyPress: {UP} 215
2020-02-05 00:07:49,627 INFO Time 60ms
2020-02-05 00:07:49,687 INFO KeyPress: {UP} 216
2020-02-05 00:07:49,687 INFO Time 59.9ms
2020-02-05 00:07:49,747 INFO KeyPress: {UP} 217
2020-02-05 00:07:49,747 INFO Time 60.1ms
2020-02-05 00:07:49,807 INFO KeyPress: {UP} 218
2020-02-05 00:07:49,807 INFO Time 60ms
2020-02-05 00:07:49,867 INFO KeyPress: {UP} 219
2020-02-05 00:07:49,867 INFO Time 60ms
2020-02-05 00:07:49,927 INFO KeyPress: {UP} 220
2020-02-05 00:07:49,927 INFO Time 60ms
2020-02-05 00:07:49,987 INFO KeyPress: {UP} 221
2020-02-05 00:07:49,987 INFO Time 60ms
2020-02-05 00:07:50,047 INFO KeyPress: {UP} 222
2020-02-05 00:07:50,047 INFO Time 60ms
2020-02-05 00:07:50,107 INFO KeyPress: {UP} 223
2020-02-05 00:07:50,107 INFO Time 59.9ms
2020-02-05 00:07:50,167 INFO KeyPress: {UP} 224
2020-02-05 00:07:50,168 INFO Time 60.1ms
2020-02-05 00:07:50,227 INFO KeyPress: {UP} 225
2020-02-05 00:07:50,227 INFO Time 60ms
2020-02-05 00:07:50,287 INFO KeyPress: {UP} 226
2020-02-05 00:07:50,287 INFO Time 60ms
2020-02-05 00:07:50,347 INFO KeyPress: {UP} 227
2020-02-05 00:07:50,347 INFO Time 60ms
2020-02-05 00:07:50,407 INFO KeyPress: {UP} 228
2020-02-05 00:07:50,407 INFO Time 59.9ms
2020-02-05 00:07:50,467 INFO KeyPress: {UP} 229
2020-02-05 00:07:50,467 INFO Time 60.1ms
2020-02-05 00:07:50,527 INFO KeyPress: {UP} 230
2020-02-05 00:07:50,527 INFO Time 60ms
2020-02-05 00:07:50,587 INFO KeyPress: {UP} 231
2020-02-05 00:07:50,587 INFO Time 60ms
2020-02-05 00:07:50,647 INFO KeyPress: {UP} 232
2020-02-05 00:07:50,647 INFO Time 59.8ms
2020-02-05 00:07:50,707 INFO KeyPress: {UP} 233
2020-02-05 00:07:50,707 INFO Time 60.1ms
2020-02-05 00:07:50,767 INFO KeyPress: {UP} 234
2020-02-05 00:07:50,767 INFO Time 60.1ms
2020-02-05 00:07:50,827 INFO KeyPress: {UP} 235
2020-02-05 00:07:50,827 INFO Time 60ms
2020-02-05 00:07:50,887 INFO KeyPress: {UP} 236
2020-02-05 00:07:50,887 INFO Time 60ms
2020-02-05 00:07:50,947 INFO KeyPress: {UP} 237
2020-02-05 00:07:50,948 INFO Time 60ms
2020-02-05 00:07:51,007 INFO KeyPress: {UP} 238
2020-02-05 00:07:51,007 INFO Time 59.8ms
2020-02-05 00:07:51,067 INFO KeyPress: {UP} 239
2020-02-05 00:07:51,067 INFO Time 60.2ms
2020-02-05 00:07:51,127 INFO KeyPress: {UP} 240
2020-02-05 00:07:51,127 INFO Time 60ms
2020-02-05 00:07:51,187 INFO KeyPress: {UP} 241
2020-02-05 00:07:51,188 INFO Time 60ms
2020-02-05 00:07:51,247 INFO KeyPress: {UP} 242
2020-02-05 00:07:51,247 INFO Time 60ms
2020-02-05 00:07:51,307 INFO KeyPress: {UP} 243
2020-02-05 00:07:51,307 INFO Time 59.8ms
2020-02-05 00:07:51,367 INFO KeyPress: {UP} 244
2020-02-05 00:07:51,367 INFO Time 60.2ms
2020-02-05 00:07:51,427 INFO KeyPress: {UP} 245
2020-02-05 00:07:51,427 INFO Time 60ms
2020-02-05 00:07:51,487 INFO KeyPress: {UP} 246
2020-02-05 00:07:51,487 INFO Time 60ms
2020-02-05 00:07:51,547 INFO KeyPress: {UP} 247
2020-02-05 00:07:51,547 INFO Time 60ms
2020-02-05 00:07:51,607 INFO KeyPress: {UP} 248
2020-02-05 00:07:51,607 INFO Time 60ms
2020-02-05 00:07:51,667 INFO KeyPress: {UP} 249
2020-02-05 00:07:51,667 INFO Time 60ms
2020-02-05 00:07:51,727 INFO KeyPress: {UP} 250
2020-02-05 00:07:51,727 INFO Time 60.1ms
2020-02-05 00:07:51,787 INFO KeyPress: {UP} 251
2020-02-05 00:07:51,787 INFO Time 59.9ms
2020-02-05 00:07:51,847 INFO KeyPress: {UP} 252
2020-02-05 00:07:51,847 INFO Time 60ms
2020-02-05 00:07:51,907 INFO KeyPress: {UP} 253
2020-02-05 00:07:51,907 INFO Time 59.8ms
2020-02-05 00:07:51,967 INFO KeyPress: {UP} 254
2020-02-05 00:07:51,967 INFO Time 60.2ms
2020-02-05 00:07:52,027 INFO KeyPress: {UP} 255
2020-02-05 00:07:52,027 INFO Time 60ms
2020-02-05 00:07:52,087 INFO KeyPress: {UP} 256
2020-02-05 00:07:52,087 INFO Time 60ms
2020-02-05 00:07:52,147 INFO KeyPress: {UP} 257
2020-02-05 00:07:52,147 INFO Time 60ms
2020-02-05 00:07:52,207 INFO KeyPress: {UP} 258
2020-02-05 00:07:52,207 INFO Time 60ms
2020-02-05 00:07:52,267 INFO KeyPress: {UP} 259
2020-02-05 00:07:52,267 INFO Time 60ms
2020-02-05 00:07:52,327 INFO KeyPress: {UP} 260
2020-02-05 00:07:52,327 INFO Time 59.9ms
2020-02-05 00:07:52,387 INFO KeyPress: {UP} 261
2020-02-05 00:07:52,387 INFO Time 60.1ms
2020-02-05 00:07:52,447 INFO KeyPress: {UP} 262
2020-02-05 00:07:52,447 INFO Time 60ms
2020-02-05 00:07:52,507 INFO KeyPress: {UP} 263
2020-02-05 00:07:52,507 INFO Time 59.8ms
2020-02-05 00:07:52,567 INFO KeyPress: {UP} 264
2020-02-05 00:07:52,567 INFO Time 60.2ms
2020-02-05 00:07:52,627 INFO KeyPress: {UP} 265
2020-02-05 00:07:52,627 INFO Time 60ms
2020-02-05 00:07:52,687 INFO KeyPress: {UP} 266
2020-02-05 00:07:52,687 INFO Time 60ms
2020-02-05 00:07:52,747 INFO KeyPress: {UP} 267
2020-02-05 00:07:52,747 INFO Time 60ms
2020-02-05 00:07:52,807 INFO KeyPress: {UP} 268
2020-02-05 00:07:52,807 INFO Time 59.7ms
2020-02-05 00:07:52,867 INFO KeyPress: {UP} 269
2020-02-05 00:07:52,867 INFO Time 60.2ms
2020-02-05 00:07:52,927 INFO KeyPress: {UP} 270
2020-02-05 00:07:52,927 INFO Time 60ms
2020-02-05 00:07:52,987 INFO KeyPress: {UP} 271
2020-02-05 00:07:52,987 INFO Time 60.1ms
2020-02-05 00:07:53,047 INFO KeyPress: {UP} 272
2020-02-05 00:07:53,047 INFO Time 59.8ms
2020-02-05 00:07:53,107 INFO KeyPress: {UP} 273
2020-02-05 00:07:53,107 INFO Time 60ms
2020-02-05 00:07:53,167 INFO KeyPress: {UP} 274
2020-02-05 00:07:53,167 INFO Time 60.2ms
2020-02-05 00:07:53,227 INFO KeyPress: {UP} 275
2020-02-05 00:07:53,227 INFO Time 60ms
2020-02-05 00:07:53,287 INFO KeyPress: {UP} 276
2020-02-05 00:07:53,287 INFO Time 60ms
2020-02-05 00:07:53,347 INFO KeyPress: {UP} 277
2020-02-05 00:07:53,347 INFO Time 59.9ms
2020-02-05 00:07:53,407 INFO KeyPress: {UP} 278
2020-02-05 00:07:53,407 INFO Time 60.2ms
2020-02-05 00:07:53,467 INFO KeyPress: {UP} 279
2020-02-05 00:07:53,467 INFO Time 60ms
2020-02-05 00:07:53,527 INFO KeyPress: {UP} 280
2020-02-05 00:07:53,528 INFO Time 60ms
2020-02-05 00:07:53,587 INFO KeyPress: {UP} 281
2020-02-05 00:07:53,587 INFO Time 60ms
2020-02-05 00:07:53,647 INFO KeyPress: {UP} 282
2020-02-05 00:07:53,647 INFO Time 60ms
2020-02-05 00:07:53,707 INFO KeyPress: {UP} 283
2020-02-05 00:07:53,707 INFO Time 60ms
2020-02-05 00:07:53,767 INFO KeyPress: {UP} 284
2020-02-05 00:07:53,767 INFO Time 60ms
2020-02-05 00:07:53,827 INFO KeyPress: {UP} 285
2020-02-05 00:07:53,827 INFO Time 59.8ms
2020-02-05 00:07:53,887 INFO KeyPress: {UP} 286
2020-02-05 00:07:53,887 INFO Time 60.1ms
2020-02-05 00:07:53,947 INFO KeyPress: {UP} 287
2020-02-05 00:07:53,947 INFO Time 60.1ms
2020-02-05 00:07:54,007 INFO KeyPress: {UP} 288
2020-02-05 00:07:54,007 INFO Time 59.9ms
2020-02-05 00:07:54,067 INFO KeyPress: {UP} 289
2020-02-05 00:07:54,067 INFO Time 60.2ms
2020-02-05 00:07:54,127 INFO KeyPress: {UP} 290
2020-02-05 00:07:54,127 INFO Time 59.9ms
2020-02-05 00:07:54,187 INFO KeyPress: {UP} 291
2020-02-05 00:07:54,187 INFO Time 60.1ms
2020-02-05 00:07:54,247 INFO KeyPress: {UP} 292
2020-02-05 00:07:54,247 INFO Time 60ms
2020-02-05 00:07:54,307 INFO KeyPress: {UP} 293
2020-02-05 00:07:54,307 INFO Time 60ms
2020-02-05 00:07:54,367 INFO KeyPress: {UP} 294
2020-02-05 00:07:54,367 INFO Time 60ms
2020-02-05 00:07:54,427 INFO KeyPress: {UP} 295
2020-02-05 00:07:54,428 INFO Time 60ms
2020-02-05 00:07:54,487 INFO KeyPress: {UP} 296
2020-02-05 00:07:54,487 INFO Time 60ms
2020-02-05 00:07:54,547 INFO KeyPress: {UP} 297
2020-02-05 00:07:54,547 INFO Time 60ms
2020-02-05 00:07:54,607 INFO KeyPress: {UP} 298
2020-02-05 00:07:54,607 INFO Time 60ms
2020-02-05 00:07:54,667 INFO KeyPress: {UP} 299
2020-02-05 00:07:54,667 INFO Time 60ms
2020-02-05 00:07:54,727 INFO KeyPress: {UP} 300
2020-02-05 00:07:54,727 INFO Time 59.9ms
2020-02-05 00:07:54,787 INFO KeyPress: {UP} 301
2020-02-05 00:07:54,787 INFO Time 60.1ms
2020-02-05 00:07:54,847 INFO KeyPress: {UP} 302
2020-02-05 00:07:54,847 INFO Time 60ms
2020-02-05 00:07:54,907 INFO KeyPress: {UP} 303
2020-02-05 00:07:54,907 INFO Time 59.8ms
2020-02-05 00:07:54,967 INFO KeyPress: {UP} 304
2020-02-05 00:07:54,967 INFO Time 60.2ms
2020-02-05 00:07:55,027 INFO KeyPress: {UP} 305
2020-02-05 00:07:55,027 INFO Time 60ms
2020-02-05 00:07:55,028 INFO 
2020-02-05 00:07:55,028 INFO Click left
2020-02-05 00:07:55,029 INFO X: 704
2020-02-05 00:07:55,029 INFO Y: 163
2020-02-05 00:07:58,257 INFO KeyPress: {UP} 1
2020-02-05 00:07:58,258 INFO Time 60.4ms
2020-02-05 00:07:58,317 INFO KeyPress: {UP} 2
2020-02-05 00:07:58,317 INFO Time 59.6ms
2020-02-05 00:07:58,377 INFO KeyPress: {UP} 3
2020-02-05 00:07:58,377 INFO Time 60ms
2020-02-05 00:07:58,437 INFO KeyPress: {UP} 4
2020-02-05 00:07:58,437 INFO Time 60ms
2020-02-05 00:07:58,497 INFO KeyPress: {UP} 5
2020-02-05 00:07:58,497 INFO Time 60ms
2020-02-05 00:07:58,557 INFO KeyPress: {UP} 6
2020-02-05 00:07:58,557 INFO Time 59.8ms
2020-02-05 00:07:58,617 INFO KeyPress: {UP} 7
2020-02-05 00:07:58,617 INFO Time 60.2ms
2020-02-05 00:07:58,677 INFO KeyPress: {UP} 8
2020-02-05 00:07:58,677 INFO Time 59.8ms
2020-02-05 00:07:58,737 INFO KeyPress: {UP} 9
2020-02-05 00:07:58,737 INFO Time 60.2ms
2020-02-05 00:07:58,797 INFO KeyPress: {UP} 10
2020-02-05 00:07:58,797 INFO Time 60ms
2020-02-05 00:07:58,857 INFO KeyPress: {UP} 11
2020-02-05 00:07:58,857 INFO Time 59.9ms
2020-02-05 00:07:58,917 INFO KeyPress: {UP} 12
2020-02-05 00:07:58,917 INFO Time 60.1ms
2020-02-05 00:07:58,977 INFO KeyPress: {UP} 13
2020-02-05 00:07:58,977 INFO Time 60ms
2020-02-05 00:07:59,037 INFO KeyPress: {UP} 14
2020-02-05 00:07:59,038 INFO Time 60ms
2020-02-05 00:07:59,097 INFO KeyPress: {UP} 15
2020-02-05 00:07:59,097 INFO Time 60ms
2020-02-05 00:07:59,157 INFO KeyPress: {UP} 16
2020-02-05 00:07:59,157 INFO Time 59.8ms
2020-02-05 00:07:59,217 INFO KeyPress: {UP} 17
2020-02-05 00:07:59,217 INFO Time 60ms
2020-02-05 00:07:59,277 INFO KeyPress: {UP} 18
2020-02-05 00:07:59,277 INFO Time 60.2ms
2020-02-05 00:07:59,337 INFO KeyPress: {UP} 19
2020-02-05 00:07:59,337 INFO Time 60ms
2020-02-05 00:07:59,397 INFO KeyPress: {UP} 20
2020-02-05 00:07:59,397 INFO Time 59.9ms
2020-02-05 00:07:59,457 INFO KeyPress: {UP} 21
2020-02-05 00:07:59,457 INFO Time 60ms
2020-02-05 00:07:59,517 INFO KeyPress: {UP} 22
2020-02-05 00:07:59,517 INFO Time 60.1ms
2020-02-05 00:07:59,577 INFO KeyPress: {UP} 23
2020-02-05 00:07:59,577 INFO Time 60ms
2020-02-05 00:07:59,637 INFO KeyPress: {UP} 24
2020-02-05 00:07:59,637 INFO Time 60ms
2020-02-05 00:07:59,697 INFO KeyPress: {UP} 25
2020-02-05 00:07:59,697 INFO Time 60ms
2020-02-05 00:07:59,757 INFO KeyPress: {UP} 26
2020-02-05 00:07:59,757 INFO Time 59.8ms
2020-02-05 00:07:59,817 INFO KeyPress: {UP} 27
2020-02-05 00:07:59,817 INFO Time 60.2ms
2020-02-05 00:07:59,877 INFO KeyPress: {UP} 28
2020-02-05 00:07:59,877 INFO Time 59.9ms
2020-02-05 00:07:59,937 INFO KeyPress: {UP} 29
2020-02-05 00:07:59,937 INFO Time 60.1ms
2020-02-05 00:07:59,997 INFO KeyPress: {UP} 30
2020-02-05 00:07:59,997 INFO Time 60ms
2020-02-05 00:08:00,057 INFO KeyPress: {UP} 31
2020-02-05 00:08:00,057 INFO Time 59.9ms
2020-02-05 00:08:00,117 INFO KeyPress: {UP} 32
2020-02-05 00:08:00,117 INFO Time 60.1ms
2020-02-05 00:08:00,177 INFO KeyPress: {UP} 33
2020-02-05 00:08:00,177 INFO Time 60ms
2020-02-05 00:08:00,237 INFO KeyPress: {UP} 34
2020-02-05 00:08:00,237 INFO Time 60ms
2020-02-05 00:08:00,297 INFO KeyPress: {UP} 35
2020-02-05 00:08:00,297 INFO Time 60ms
2020-02-05 00:08:00,357 INFO KeyPress: {UP} 36
2020-02-05 00:08:00,357 INFO Time 60ms
2020-02-05 00:08:00,417 INFO KeyPress: {UP} 37
2020-02-05 00:08:00,417 INFO Time 60ms
2020-02-05 00:08:00,477 INFO KeyPress: {UP} 38
2020-02-05 00:08:00,477 INFO Time 60ms
2020-02-05 00:08:00,537 INFO KeyPress: {UP} 39
2020-02-05 00:08:00,537 INFO Time 60ms
2020-02-05 00:08:00,597 INFO KeyPress: {UP} 40
2020-02-05 00:08:00,597 INFO Time 60ms
2020-02-05 00:08:00,657 INFO KeyPress: {UP} 41
2020-02-05 00:08:00,657 INFO Time 59.9ms
2020-02-05 00:08:00,717 INFO KeyPress: {UP} 42
2020-02-05 00:08:00,717 INFO Time 60.1ms
2020-02-05 00:08:00,777 INFO KeyPress: {UP} 43
2020-02-05 00:08:00,777 INFO Time 60ms
2020-02-05 00:08:00,837 INFO KeyPress: {UP} 44
2020-02-05 00:08:00,837 INFO Time 60ms
2020-02-05 00:08:00,897 INFO KeyPress: {UP} 45
2020-02-05 00:08:00,897 INFO Time 60ms
2020-02-05 00:08:00,957 INFO KeyPress: {UP} 46
2020-02-05 00:08:00,957 INFO Time 60ms
2020-02-05 00:08:01,017 INFO KeyPress: {UP} 47
2020-02-05 00:08:01,017 INFO Time 60ms
2020-02-05 00:08:01,077 INFO KeyPress: {UP} 48
2020-02-05 00:08:01,077 INFO Time 59.9ms
2020-02-05 00:08:01,137 INFO KeyPress: {UP} 49
2020-02-05 00:08:01,137 INFO Time 60.1ms
2020-02-05 00:08:01,197 INFO KeyPress: {UP} 50
2020-02-05 00:08:01,197 INFO Time 60ms
2020-02-05 00:08:01,257 INFO KeyPress: {UP} 51
2020-02-05 00:08:01,257 INFO Time 59.8ms
2020-02-05 00:08:01,317 INFO KeyPress: {UP} 52
2020-02-05 00:08:01,318 INFO Time 60.6ms
2020-02-05 00:08:01,377 INFO KeyPress: {UP} 53
2020-02-05 00:08:01,377 INFO Time 59.5ms
2020-02-05 00:08:01,437 INFO KeyPress: {UP} 54
2020-02-05 00:08:01,437 INFO Time 60ms
2020-02-05 00:08:01,497 INFO KeyPress: {UP} 55
2020-02-05 00:08:01,497 INFO Time 60ms
2020-02-05 00:08:01,557 INFO KeyPress: {UP} 56
2020-02-05 00:08:01,557 INFO Time 59.9ms
2020-02-05 00:08:01,617 INFO KeyPress: {UP} 57
2020-02-05 00:08:01,617 INFO Time 60.1ms
2020-02-05 00:08:01,677 INFO KeyPress: {UP} 58
2020-02-05 00:08:01,677 INFO Time 59.8ms
2020-02-05 00:08:01,737 INFO KeyPress: {UP} 59
2020-02-05 00:08:01,737 INFO Time 60.1ms
2020-02-05 00:08:01,797 INFO KeyPress: {UP} 60
2020-02-05 00:08:01,797 INFO Time 59.8ms
2020-02-05 00:08:01,857 INFO KeyPress: {UP} 61
2020-02-05 00:08:01,857 INFO Time 60.2ms
2020-02-05 00:08:01,917 INFO KeyPress: {UP} 62
2020-02-05 00:08:01,917 INFO Time 60ms
2020-02-05 00:08:01,977 INFO KeyPress: {UP} 63
2020-02-05 00:08:01,977 INFO Time 60ms
2020-02-05 00:08:02,037 INFO KeyPress: {UP} 64
2020-02-05 00:08:02,037 INFO Time 60ms
2020-02-05 00:08:02,097 INFO KeyPress: {UP} 65
2020-02-05 00:08:02,097 INFO Time 59.9ms
2020-02-05 00:08:02,157 INFO KeyPress: {UP} 66
2020-02-05 00:08:02,157 INFO Time 60ms
2020-02-05 00:08:02,217 INFO KeyPress: {UP} 67
2020-02-05 00:08:02,217 INFO Time 60.1ms
2020-02-05 00:08:02,277 INFO KeyPress: {UP} 68
2020-02-05 00:08:02,277 INFO Time 60ms
2020-02-05 00:08:02,337 INFO KeyPress: {UP} 69
2020-02-05 00:08:02,337 INFO Time 59.9ms
2020-02-05 00:08:02,397 INFO KeyPress: {UP} 70
2020-02-05 00:08:02,397 INFO Time 59.9ms
2020-02-05 00:08:02,457 INFO KeyPress: {UP} 71
2020-02-05 00:08:02,457 INFO Time 60ms
2020-02-05 00:08:02,517 INFO KeyPress: {UP} 72
2020-02-05 00:08:02,518 INFO Time 60.2ms
2020-02-05 00:08:02,577 INFO KeyPress: {UP} 73
2020-02-05 00:08:02,577 INFO Time 59.8ms
2020-02-05 00:08:02,637 INFO KeyPress: {UP} 74
2020-02-05 00:08:02,638 INFO Time 60.2ms
2020-02-05 00:08:02,697 INFO KeyPress: {UP} 75
2020-02-05 00:08:02,697 INFO Time 60ms
2020-02-05 00:08:02,757 INFO KeyPress: {UP} 76
2020-02-05 00:08:02,757 INFO Time 59.8ms
2020-02-05 00:08:02,817 INFO KeyPress: {UP} 77
2020-02-05 00:08:02,817 INFO Time 60.2ms
2020-02-05 00:08:02,877 INFO KeyPress: {UP} 78
2020-02-05 00:08:02,877 INFO Time 60ms
2020-02-05 00:08:02,937 INFO KeyPress: {UP} 79
2020-02-05 00:08:02,937 INFO Time 59.9ms
2020-02-05 00:08:02,997 INFO KeyPress: {UP} 80
2020-02-05 00:08:02,997 INFO Time 60ms
2020-02-05 00:08:03,057 INFO KeyPress: {UP} 81
2020-02-05 00:08:03,057 INFO Time 59.9ms
2020-02-05 00:08:03,117 INFO KeyPress: {UP} 82
2020-02-05 00:08:03,117 INFO Time 60.1ms
2020-02-05 00:08:03,177 INFO KeyPress: {UP} 83
2020-02-05 00:08:03,177 INFO Time 60ms
2020-02-05 00:08:03,237 INFO KeyPress: {UP} 84
2020-02-05 00:08:03,237 INFO Time 60ms
2020-02-05 00:08:03,297 INFO KeyPress: {UP} 85
2020-02-05 00:08:03,297 INFO Time 60ms
2020-02-05 00:08:03,357 INFO KeyPress: {UP} 86
2020-02-05 00:08:03,357 INFO Time 59.8ms
2020-02-05 00:08:03,417 INFO KeyPress: {UP} 87
2020-02-05 00:08:03,418 INFO Time 60.2ms
2020-02-05 00:08:03,477 INFO KeyPress: {UP} 88
2020-02-05 00:08:03,477 INFO Time 59.8ms
2020-02-05 00:08:03,537 INFO KeyPress: {UP} 89
2020-02-05 00:08:03,537 INFO Time 60.2ms
2020-02-05 00:08:03,597 INFO KeyPress: {UP} 90
2020-02-05 00:08:03,597 INFO Time 60ms
2020-02-05 00:08:03,657 INFO KeyPress: {UP} 91
2020-02-05 00:08:03,657 INFO Time 60ms
2020-02-05 00:08:03,717 INFO KeyPress: {UP} 92
2020-02-05 00:08:03,717 INFO Time 60ms
2020-02-05 00:08:03,777 INFO KeyPress: {UP} 93
2020-02-05 00:08:03,777 INFO Time 60ms
2020-02-05 00:08:03,837 INFO KeyPress: {UP} 94
2020-02-05 00:08:03,837 INFO Time 60ms
2020-02-05 00:08:03,897 INFO KeyPress: {UP} 95
2020-02-05 00:08:03,897 INFO Time 60ms
2020-02-05 00:08:03,957 INFO KeyPress: {UP} 96
2020-02-05 00:08:03,957 INFO Time 59.8ms
2020-02-05 00:08:04,017 INFO KeyPress: {UP} 97
2020-02-05 00:08:04,018 INFO Time 60.2ms
2020-02-05 00:08:04,077 INFO KeyPress: {UP} 98
2020-02-05 00:08:04,077 INFO Time 60ms
2020-02-05 00:08:04,137 INFO KeyPress: {UP} 99
2020-02-05 00:08:04,137 INFO Time 59.9ms
2020-02-05 00:08:04,197 INFO KeyPress: {UP} 100
2020-02-05 00:08:04,197 INFO Time 60.1ms
2020-02-05 00:08:04,257 INFO KeyPress: {UP} 101
2020-02-05 00:08:04,257 INFO Time 59.9ms
2020-02-05 00:08:04,317 INFO KeyPress: {UP} 102
2020-02-05 00:08:04,317 INFO Time 59.9ms
2020-02-05 00:08:04,377 INFO KeyPress: {UP} 103
2020-02-05 00:08:04,377 INFO Time 60.3ms
2020-02-05 00:08:04,437 INFO KeyPress: {UP} 104
2020-02-05 00:08:04,437 INFO Time 59.9ms
2020-02-05 00:08:04,497 INFO KeyPress: {UP} 105
2020-02-05 00:08:04,497 INFO Time 60ms
2020-02-05 00:08:04,557 INFO KeyPress: {UP} 106
2020-02-05 00:08:04,557 INFO Time 59.9ms
2020-02-05 00:08:04,617 INFO KeyPress: {UP} 107
2020-02-05 00:08:04,617 INFO Time 60.1ms
2020-02-05 00:08:04,677 INFO KeyPress: {UP} 108
2020-02-05 00:08:04,677 INFO Time 59.9ms
2020-02-05 00:08:04,737 INFO KeyPress: {UP} 109
2020-02-05 00:08:04,737 INFO Time 60.1ms
2020-02-05 00:08:04,797 INFO KeyPress: {UP} 110
2020-02-05 00:08:04,797 INFO Time 59.8ms
2020-02-05 00:08:04,857 INFO KeyPress: {UP} 111
2020-02-05 00:08:04,857 INFO Time 60.1ms
2020-02-05 00:08:04,917 INFO KeyPress: {UP} 112
2020-02-05 00:08:04,917 INFO Time 60.1ms
2020-02-05 00:08:04,977 INFO KeyPress: {UP} 113
2020-02-05 00:08:04,977 INFO Time 60ms
2020-02-05 00:08:05,037 INFO KeyPress: {UP} 114
2020-02-05 00:08:05,038 INFO Time 60ms
2020-02-05 00:08:05,097 INFO KeyPress: {UP} 115
2020-02-05 00:08:05,097 INFO Time 60ms
2020-02-05 00:08:05,157 INFO KeyPress: {UP} 116
2020-02-05 00:08:05,157 INFO Time 59.9ms
2020-02-05 00:08:05,217 INFO KeyPress: {UP} 117
2020-02-05 00:08:05,217 INFO Time 60.1ms
2020-02-05 00:08:05,277 INFO KeyPress: {UP} 118
2020-02-05 00:08:05,277 INFO Time 60ms
2020-02-05 00:08:05,337 INFO KeyPress: {UP} 119
2020-02-05 00:08:05,337 INFO Time 60ms
2020-02-05 00:08:05,397 INFO KeyPress: {UP} 120
2020-02-05 00:08:05,397 INFO Time 60ms
2020-02-05 00:08:05,457 INFO KeyPress: {UP} 121
2020-02-05 00:08:05,457 INFO Time 60ms
2020-02-05 00:08:05,517 INFO KeyPress: {UP} 122
2020-02-05 00:08:05,517 INFO Time 59.9ms
2020-02-05 00:08:05,577 INFO KeyPress: {UP} 123
2020-02-05 00:08:05,577 INFO Time 59.8ms
2020-02-05 00:08:05,637 INFO KeyPress: {UP} 124
2020-02-05 00:08:05,637 INFO Time 60.1ms
2020-02-05 00:08:05,697 INFO KeyPress: {UP} 125
2020-02-05 00:08:05,697 INFO Time 60.1ms
2020-02-05 00:08:05,757 INFO KeyPress: {UP} 126
2020-02-05 00:08:05,757 INFO Time 59.9ms
2020-02-05 00:08:05,817 INFO KeyPress: {UP} 127
2020-02-05 00:08:05,817 INFO Time 60.1ms
2020-02-05 00:08:05,877 INFO KeyPress: {UP} 128
2020-02-05 00:08:05,877 INFO Time 59.9ms
2020-02-05 00:08:05,937 INFO KeyPress: {UP} 129
2020-02-05 00:08:05,937 INFO Time 60.2ms
2020-02-05 00:08:05,997 INFO KeyPress: {UP} 130
2020-02-05 00:08:05,997 INFO Time 60ms
2020-02-05 00:08:06,057 INFO KeyPress: {UP} 131
2020-02-05 00:08:06,057 INFO Time 59.9ms
2020-02-05 00:08:06,117 INFO KeyPress: {UP} 132
2020-02-05 00:08:06,118 INFO Time 60.1ms
2020-02-05 00:08:06,177 INFO KeyPress: {UP} 133
2020-02-05 00:08:06,177 INFO Time 59.8ms
2020-02-05 00:08:06,237 INFO KeyPress: {UP} 134
2020-02-05 00:08:06,237 INFO Time 60.2ms
2020-02-05 00:08:06,297 INFO KeyPress: {UP} 135
2020-02-05 00:08:06,297 INFO Time 60ms
2020-02-05 00:08:06,357 INFO KeyPress: {UP} 136
2020-02-05 00:08:06,357 INFO Time 59.8ms
2020-02-05 00:08:06,417 INFO KeyPress: {UP} 137
2020-02-05 00:08:06,417 INFO Time 60.2ms
2020-02-05 00:08:06,477 INFO KeyPress: {UP} 138
2020-02-05 00:08:06,477 INFO Time 60ms
2020-02-05 00:08:06,537 INFO KeyPress: {UP} 139
2020-02-05 00:08:06,537 INFO Time 60ms
2020-02-05 00:08:06,597 INFO KeyPress: {UP} 140
2020-02-05 00:08:06,597 INFO Time 60ms
2020-02-05 00:08:06,657 INFO KeyPress: {UP} 141
2020-02-05 00:08:06,657 INFO Time 59.9ms
2020-02-05 00:08:06,717 INFO KeyPress: {UP} 142
2020-02-05 00:08:06,717 INFO Time 60.1ms
2020-02-05 00:08:06,777 INFO KeyPress: {UP} 143
2020-02-05 00:08:06,777 INFO Time 60ms
2020-02-05 00:08:06,837 INFO KeyPress: {UP} 144
2020-02-05 00:08:06,837 INFO Time 60ms
2020-02-05 00:08:06,897 INFO KeyPress: {UP} 145
2020-02-05 00:08:06,897 INFO Time 60ms
2020-02-05 00:08:06,957 INFO KeyPress: {UP} 146
2020-02-05 00:08:06,957 INFO Time 60ms
2020-02-05 00:08:07,017 INFO KeyPress: {UP} 147
2020-02-05 00:08:07,017 INFO Time 60ms
2020-02-05 00:08:07,077 INFO KeyPress: {UP} 148
2020-02-05 00:08:07,077 INFO Time 60ms
2020-02-05 00:08:07,137 INFO KeyPress: {UP} 149
2020-02-05 00:08:07,137 INFO Time 60ms
2020-02-05 00:08:07,197 INFO KeyPress: {UP} 150
2020-02-05 00:08:07,197 INFO Time 60ms
2020-02-05 00:08:07,257 INFO KeyPress: {UP} 151
2020-02-05 00:08:07,257 INFO Time 59.9ms
2020-02-05 00:08:07,317 INFO KeyPress: {UP} 152
2020-02-05 00:08:07,317 INFO Time 60.1ms
2020-02-05 00:08:07,377 INFO KeyPress: {UP} 153
2020-02-05 00:08:07,377 INFO Time 60ms
2020-02-05 00:08:07,437 INFO KeyPress: {UP} 154
2020-02-05 00:08:07,437 INFO Time 59.9ms
2020-02-05 00:08:07,497 INFO KeyPress: {UP} 155
2020-02-05 00:08:07,497 INFO Time 60.1ms
2020-02-05 00:08:07,557 INFO KeyPress: {UP} 156
2020-02-05 00:08:07,557 INFO Time 60ms
2020-02-05 00:08:07,617 INFO KeyPress: {UP} 157
2020-02-05 00:08:07,617 INFO Time 60ms
2020-02-05 00:08:07,677 INFO KeyPress: {UP} 158
2020-02-05 00:08:07,677 INFO Time 59.8ms
2020-02-05 00:08:07,737 INFO KeyPress: {UP} 159
2020-02-05 00:08:07,737 INFO Time 60.2ms
2020-02-05 00:08:07,797 INFO KeyPress: {UP} 160
2020-02-05 00:08:07,797 INFO Time 60ms
2020-02-05 00:08:07,857 INFO KeyPress: {UP} 161
2020-02-05 00:08:07,857 INFO Time 59.8ms
2020-02-05 00:08:07,917 INFO KeyPress: {UP} 162
2020-02-05 00:08:07,917 INFO Time 60.2ms
2020-02-05 00:08:07,977 INFO KeyPress: {UP} 163
2020-02-05 00:08:07,977 INFO Time 60ms
2020-02-05 00:08:08,037 INFO KeyPress: {UP} 164
2020-02-05 00:08:08,037 INFO Time 60ms
2020-02-05 00:08:08,097 INFO KeyPress: {UP} 165
2020-02-05 00:08:08,097 INFO Time 60ms
2020-02-05 00:08:08,157 INFO KeyPress: {UP} 166
2020-02-05 00:08:08,157 INFO Time 59.9ms
2020-02-05 00:08:08,217 INFO KeyPress: {UP} 167
2020-02-05 00:08:08,217 INFO Time 60.1ms
2020-02-05 00:08:08,277 INFO KeyPress: {UP} 168
2020-02-05 00:08:08,277 INFO Time 60ms
2020-02-05 00:08:08,337 INFO KeyPress: {UP} 169
2020-02-05 00:08:08,338 INFO Time 60ms
2020-02-05 00:08:08,397 INFO KeyPress: {UP} 170
2020-02-05 00:08:08,397 INFO Time 60ms
2020-02-05 00:08:08,457 INFO KeyPress: {UP} 171
2020-02-05 00:08:08,458 INFO Time 59.9ms
2020-02-05 00:08:08,517 INFO KeyPress: {UP} 172
2020-02-05 00:08:08,517 INFO Time 60ms
2020-02-05 00:08:08,577 INFO KeyPress: {UP} 173
2020-02-05 00:08:08,577 INFO Time 59.8ms
2020-02-05 00:08:08,637 INFO KeyPress: {UP} 174
2020-02-05 00:08:08,637 INFO Time 60.1ms
2020-02-05 00:08:08,697 INFO KeyPress: {UP} 175
2020-02-05 00:08:08,697 INFO Time 60ms
2020-02-05 00:08:08,757 INFO KeyPress: {UP} 176
2020-02-05 00:08:08,757 INFO Time 59.9ms
2020-02-05 00:08:08,817 INFO KeyPress: {UP} 177
2020-02-05 00:08:08,817 INFO Time 60.1ms
2020-02-05 00:08:08,877 INFO KeyPress: {UP} 178
2020-02-05 00:08:08,877 INFO Time 60ms
2020-02-05 00:08:08,937 INFO KeyPress: {UP} 179
2020-02-05 00:08:08,937 INFO Time 60ms
2020-02-05 00:08:08,997 INFO KeyPress: {UP} 180
2020-02-05 00:08:08,997 INFO Time 60ms
2020-02-05 00:08:09,057 INFO KeyPress: {UP} 181
2020-02-05 00:08:09,057 INFO Time 59.9ms
2020-02-05 00:08:09,117 INFO KeyPress: {UP} 182
2020-02-05 00:08:09,117 INFO Time 60.1ms
2020-02-05 00:08:09,177 INFO KeyPress: {UP} 183
2020-02-05 00:08:09,177 INFO Time 59.9ms
2020-02-05 00:08:09,237 INFO KeyPress: {UP} 184
2020-02-05 00:08:09,237 INFO Time 60.1ms
2020-02-05 00:08:09,297 INFO KeyPress: {UP} 185
2020-02-05 00:08:09,297 INFO Time 60ms
2020-02-05 00:08:09,357 INFO KeyPress: {UP} 186
2020-02-05 00:08:09,357 INFO Time 60ms
2020-02-05 00:08:09,417 INFO KeyPress: {UP} 187
2020-02-05 00:08:09,417 INFO Time 60ms
2020-02-05 00:08:09,477 INFO KeyPress: {UP} 188
2020-02-05 00:08:09,478 INFO Time 60ms
2020-02-05 00:08:09,537 INFO KeyPress: {UP} 189
2020-02-05 00:08:09,537 INFO Time 60ms
2020-02-05 00:08:09,597 INFO KeyPress: {UP} 190
2020-02-05 00:08:09,597 INFO Time 60ms
2020-02-05 00:08:09,667 INFO KeyPress: {UP} 191
2020-02-05 00:08:09,667 INFO Time 70ms
2020-02-05 00:08:09,737 INFO KeyPress: {UP} 192
2020-02-05 00:08:09,737 INFO Time 70ms
2020-02-05 00:08:09,807 INFO KeyPress: {UP} 193
2020-02-05 00:08:09,807 INFO Time 70ms
2020-02-05 00:08:09,867 INFO KeyPress: {UP} 194
2020-02-05 00:08:09,867 INFO Time 60ms
2020-02-05 00:08:09,927 INFO KeyPress: {UP} 195
2020-02-05 00:08:09,927 INFO Time 60ms
2020-02-05 00:08:09,987 INFO KeyPress: {UP} 196
2020-02-05 00:08:09,987 INFO Time 60ms
2020-02-05 00:08:10,047 INFO KeyPress: {UP} 197
2020-02-05 00:08:10,047 INFO Time 60ms
2020-02-05 00:08:10,107 INFO KeyPress: {UP} 198
2020-02-05 00:08:10,107 INFO Time 60ms
2020-02-05 00:08:10,167 INFO KeyPress: {UP} 199
2020-02-05 00:08:10,167 INFO Time 60ms
2020-02-05 00:08:10,227 INFO KeyPress: {UP} 200
2020-02-05 00:08:10,227 INFO Time 60ms
2020-02-05 00:08:10,287 INFO KeyPress: {UP} 201
2020-02-05 00:08:10,287 INFO Time 60ms
2020-02-05 00:08:10,347 INFO KeyPress: {UP} 202
2020-02-05 00:08:10,347 INFO Time 60ms
2020-02-05 00:08:10,407 INFO KeyPress: {UP} 203
2020-02-05 00:08:10,407 INFO Time 59.8ms
2020-02-05 00:08:10,467 INFO KeyPress: {UP} 204
2020-02-05 00:08:10,467 INFO Time 60.2ms
2020-02-05 00:08:10,527 INFO KeyPress: {UP} 205
2020-02-05 00:08:10,527 INFO Time 60ms
2020-02-05 00:08:10,587 INFO KeyPress: {UP} 206
2020-02-05 00:08:10,587 INFO Time 60ms
2020-02-05 00:08:10,647 INFO KeyPress: {UP} 207
2020-02-05 00:08:10,647 INFO Time 60ms
2020-02-05 00:08:10,707 INFO KeyPress: {UP} 208
2020-02-05 00:08:10,707 INFO Time 60ms
2020-02-05 00:08:10,767 INFO KeyPress: {UP} 209
2020-02-05 00:08:10,969 INFO Time 60ms
2020-02-05 00:08:10,969 INFO KeyPress: {UP} 210
2020-02-05 00:08:10,970 INFO Time 59.8ms
2020-02-05 00:08:10,970 INFO KeyPress: {UP} 211
2020-02-05 00:08:10,970 INFO Time 60.2ms
2020-02-05 00:08:10,971 INFO KeyPress: {UP} 212
2020-02-05 00:08:10,971 INFO Time 70ms
