2020-02-28 21:29:07,147 INFO 
MyLogger: started at 21:29:07 in R:\autologin\app\log\Login_28-02-2020_21-29-07.log 

2020-02-28 21:29:07,183 INFO 
InitDriver(): Start
2020-02-28 21:29:10,854 INFO InitDriver(): End
2020-02-28 21:29:11,854 INFO 
LoginToOkta(): Start
2020-02-28 21:29:18,156 INFO LoginToOkta(): Username: den96560
2020-02-28 21:29:25,415 INFO 
LaunchReadAuth(): Start
2020-02-28 21:29:25,521 INFO LaunchReadAuth(): AuthCode: 600342
2020-02-28 21:29:25,521 INFO LaunchReadAuth(): End
2020-02-28 21:29:31,631 INFO WaitForElement(): Attempt 0
2020-02-28 21:29:32,399 INFO WaitForElement(): Found
2020-02-28 21:29:32,399 INFO LoginToOkta(): End
2020-02-28 21:29:35,399 INFO 
ParseOktaButtons(): Start
2020-02-28 21:29:35,519 INFO ParseOktaButtons(): End
2020-02-28 21:29:35,519 INFO 
ClickOktaButtonByName(): Start
2020-02-28 21:29:35,520 INFO ClickOktaButtonByName(): Target: US-West VPN (Redlands Tech Support)
2020-02-28 21:29:35,520 INFO ClickOktaButtonByName(): Found: US-West VPN (Redlands Tech Support)
2020-02-28 21:29:35,585 INFO ClickOktaButtonByName(): Clicked: US-West VPN (Redlands Tech Support)
2020-02-28 21:29:35,585 INFO ClickOktaButtonByName(): End
2020-02-28 21:29:35,585 INFO Sleeping ... 
2020-02-28 21:29:50,585 INFO Done
2020-02-28 21:29:52,597 INFO 
GoToXenApp(): Start
2020-02-28 21:29:52,597 INFO WaitForElement(): Attempt 0
2020-02-28 21:30:03,706 INFO WaitForElement(): Found
2020-02-28 21:30:03,719 INFO GoToXenApp(): XenAppLink: https://connect.esri.com/dana/home/launch.cgi?url=.ahuvs%3A%2F%2Fjq21t92269r3SyBB5X1CB
2020-02-28 21:30:12,051 INFO GoToXenApp(): End
2020-02-28 21:30:14,051 INFO 
LoginToXenApp(): Start
2020-02-28 21:30:14,051 INFO WaitForElement(): Attempt 0
2020-02-28 21:30:14,066 INFO WaitForElement(): Found
2020-02-28 21:30:14,078 INFO LoginToXenApp(): LoginFrameLink: https://connect.esri.com/Citrix/XenApp/auth/,DanaInfo=.aCjvum2Vvz2kwLr66yQu76+login.aspx
2020-02-28 21:30:16,596 INFO LoginToXenApp(): Username:den96560
2020-02-28 21:30:16,596 INFO WaitForElement(): Attempt 0
2020-02-28 21:30:16,610 INFO WaitForElement(): Found
2020-02-28 21:30:17,676 INFO WaitForElement(): Attempt 0
2020-02-28 21:30:17,689 INFO WaitForElement(): Found
2020-02-28 21:30:22,564 INFO WaitForElement(): Attempt 4
2020-02-28 21:30:22,576 INFO WaitForElement(): Found
2020-02-28 21:30:23,683 INFO LoginToXenApp(): Citrix plugin download button clicked
2020-02-28 21:30:23,683 INFO LoginToXenApp(): End
2020-02-28 21:30:25,683 INFO 
ClickWDESkypeMenu(): Start
2020-02-28 21:30:27,683 INFO WaitForElement(): Attempt 0
2020-02-28 21:30:27,697 INFO WaitForElement(): Found
2020-02-28 21:30:30,761 INFO ClickWDESkypeMenu(): End
2020-02-28 21:30:33,761 INFO 
ProcessWDE Start: LogInToSkype
2020-02-28 21:30:33,925 INFO GOT: LogInToSkype
2020-02-28 21:30:33,925 INFO Got LogInToSkype
2020-02-28 21:30:33,925 INFO LogInToSkype() start
2020-02-28 21:30:33,925 INFO ClickButtonAtMainWindow() start
2020-02-28 21:30:33,926 INFO 
2020-02-28 21:30:33,926 INFO FindAWindow() start
2020-02-28 21:30:33,926 INFO Attempt 1 of 6
2020-02-28 21:30:33,926 INFO Target: Support Services - \\Remote
2020-02-28 21:30:41,277 INFO Title: Support Services - \\Remote
2020-02-28 21:30:41,277 INFO Handle: 0x000603F6
2020-02-28 21:30:41,278 INFO Found a window: 0x000603F6
2020-02-28 21:30:41,278 INFO FindAWindow(): found
2020-02-28 21:30:41,278 INFO Current handle: 0x000603F6
2020-02-28 21:30:41,279 INFO Sleeping 0.3 s
2020-02-28 21:30:41,827 INFO Sleeping 0.75 s
2020-02-28 21:30:42,577 INFO ClickButtonAtMainWindow() Title: Support Services - \\Remote
2020-02-28 21:30:42,577 INFO HANDLE: 0x000603F6
2020-02-28 21:30:42,578 INFO 
2020-02-28 21:30:42,578 INFO GetWindowPos start
2020-02-28 21:30:42,578 INFO Target: 0x000603F6
2020-02-28 21:30:42,579 INFO X-Pos: 0
2020-02-28 21:30:42,579 INFO Y-Pos: 0
2020-02-28 21:30:42,579 INFO Width: 181
2020-02-28 21:30:42,580 INFO Height: 261
2020-02-28 21:30:42,580 INFO Sleeping 0.45 s
2020-02-28 21:30:43,027 INFO 
2020-02-28 21:30:43,027 INFO Click left
2020-02-28 21:30:43,027 INFO X: 71
2020-02-28 21:30:43,028 INFO Y: 147
2020-02-28 21:30:43,289 INFO Sleeping 1.5 s
2020-02-28 21:30:44,789 INFO Sleeping 0.45 s
2020-02-28 21:30:45,244 INFO ClickButtonAtMainWindow() end
2020-02-28 21:30:45,244 INFO Sleeping 7.5 s
2020-02-28 21:30:52,745 INFO 
2020-02-28 21:30:52,746 INFO FindAWindow() start
2020-02-28 21:30:52,746 INFO Attempt 5 of 6
2020-02-28 21:30:52,746 INFO Target: First things first. - \\Remote
2020-02-28 21:31:36,850 INFO Could not find a window: First things first. - \\Remote
2020-02-28 21:31:36,850 INFO Current handle: 555
2020-02-28 21:31:36,850 INFO Retrying ...
2020-02-28 21:31:36,850 INFO Sleeping 7.5 s
2020-02-28 21:31:44,352 INFO 
2020-02-28 21:31:44,430 INFO FindAWindow() start
2020-02-28 21:31:44,431 INFO Attempt 6 of 6
2020-02-28 21:31:44,431 INFO Target: First things first. - \\Remote
2020-02-28 21:32:28,639 INFO FindAWindow(): reached MaxAttemps: 6 not found
2020-02-28 21:33:48,699 INFO Current handle: 555
2020-02-28 21:33:48,699 INFO FindAWindow(): Recursive return
2020-02-28 21:33:48,700 INFO Handle: 555
2020-02-28 21:33:48,700 INFO HANDLE AFTER : 555
2020-02-28 21:33:48,700 INFO 
2020-02-28 21:33:48,701 INFO FindAWindow() start
2020-02-28 21:33:48,701 INFO Attempt 1 of 6
2020-02-28 21:33:48,701 INFO Target: Skype for Business  - \\Remote
2020-02-28 21:33:48,702 INFO Found a window: 0x00010434
2020-02-28 21:33:48,702 INFO FindAWindow(): found
2020-02-28 21:33:48,702 INFO Current handle: 0x00010434
2020-02-28 21:33:48,702 INFO 
2020-02-28 21:33:48,702 INFO GetWindowPos start
2020-02-28 21:33:48,703 INFO Target: 0x00010434
2020-02-28 21:33:48,703 INFO Pos failed:
2020-02-28 21:33:48,703 INFO X: -32000
2020-02-28 21:33:48,703 INFO Y: -32000
2020-02-28 21:33:48,703 INFO Retrying...
2020-02-28 21:33:48,703 INFO Sleeping 2.25 s
2020-02-28 21:33:48,703 INFO Sleeping 1.5 s
2020-02-28 21:33:48,704 INFO NewPos:
2020-02-28 21:33:48,704 INFO X: 235
2020-02-28 21:33:48,704 INFO Y: 6
2020-02-28 21:33:48,704 INFO X-Pos: 235
2020-02-28 21:33:48,705 INFO Y-Pos: 6
2020-02-28 21:33:48,705 INFO Width: 402
2020-02-28 21:33:48,705 INFO Height: 724
2020-02-28 21:33:48,705 INFO Sleeping 1.2 s
2020-02-28 21:33:48,705 INFO 
2020-02-28 21:33:48,706 INFO Click left
2020-02-28 21:33:48,706 INFO X: 258.5
2020-02-28 21:33:48,706 INFO Y: 6.6
2020-02-28 21:33:48,706 INFO Sleeping 1.5 s
2020-02-28 21:33:48,706 INFO Sleeping 1.2 s
2020-02-28 21:33:48,706 INFO 
2020-02-28 21:33:48,707 INFO Click left
2020-02-28 21:33:48,707 INFO X: 605
2020-02-28 21:33:48,707 INFO Y: 152
2020-02-28 21:33:48,707 INFO Sleeping 1.5 s
2020-02-28 21:33:48,707 INFO Sleeping 1.2 s
2020-02-28 21:33:48,707 INFO 
2020-02-28 21:33:48,707 INFO FindAWindow() start
2020-02-28 21:33:48,708 INFO Attempt 1 of 6
2020-02-28 21:33:48,708 INFO Target: Skype for Business - Options - \\Remote
2020-02-28 21:33:48,708 INFO Found a window: 0x00080676
2020-02-28 21:33:48,708 INFO FindAWindow(): found
2020-02-28 21:33:48,708 INFO Current handle: 0x00080676
2020-02-28 21:33:48,708 INFO 
2020-02-28 21:33:48,708 INFO GetWindowPos start
2020-02-28 21:33:48,709 INFO Target: 0x00080676
2020-02-28 21:33:48,709 INFO X-Pos: 251
2020-02-28 21:33:48,709 INFO Y-Pos: 22
2020-02-28 21:33:48,709 INFO Width: 721
2020-02-28 21:33:48,709 INFO Height: 589
2020-02-28 21:33:48,709 INFO Sleeping 1.2 s
2020-02-28 21:33:48,709 INFO 
2020-02-28 21:33:48,709 INFO Click left
2020-02-28 21:33:48,709 INFO X: 276.1
2020-02-28 21:33:48,709 INFO Y: 24.2
2020-02-28 21:33:48,710 INFO Sleeping 1.5 s
2020-02-28 21:33:48,710 INFO Sleeping 1.2 s
2020-02-28 21:33:48,710 INFO 
2020-02-28 21:33:48,710 INFO Click left
2020-02-28 21:33:48,710 INFO X: 288
2020-02-28 21:33:48,710 INFO Y: 137
2020-02-28 21:33:48,710 INFO Sleeping 1.5 s
2020-02-28 21:33:48,710 INFO Sleeping 1.2 s
2020-02-28 21:33:48,710 INFO 
2020-02-28 21:33:48,710 INFO Click left
2020-02-28 21:33:48,711 INFO X: 908
2020-02-28 21:33:48,711 INFO Y: 111
2020-02-28 21:33:48,711 INFO Sleeping 1.5 s
2020-02-28 21:33:48,711 INFO Sleeping 1.2 s
2020-02-28 21:33:48,711 INFO Holding {UP} for 18300 ms
2020-02-28 21:33:48,711 INFO Sleeping 0.069 s
2020-02-28 21:33:48,711 INFO Press: {UP} (1) time: 80 ms
2020-02-28 21:33:48,712 INFO Sleeping 0.069 s
2020-02-28 21:33:48,712 INFO Press: {UP} (2) time: 80 ms
2020-02-28 21:33:48,712 INFO Sleeping 0.069 s
2020-02-28 21:33:48,712 INFO Press: {UP} (3) time: 81 ms
2020-02-28 21:33:48,712 INFO Sleeping 0.069 s
2020-02-28 21:33:48,712 INFO Press: {UP} (4) time: 80 ms
2020-02-28 21:33:48,712 INFO Sleeping 0.069 s
2020-02-28 21:33:48,713 INFO Press: {UP} (5) time: 80 ms
2020-02-28 21:33:48,713 INFO Sleeping 0.069 s
2020-02-28 21:33:48,713 INFO Press: {UP} (6) time: 80 ms
2020-02-28 21:33:48,713 INFO Sleeping 0.069 s
2020-02-28 21:33:48,713 INFO Press: {UP} (7) time: 80 ms
2020-02-28 21:33:48,713 INFO Sleeping 0.069 s
2020-02-28 21:33:48,713 INFO Press: {UP} (8) time: 80 ms
2020-02-28 21:33:48,713 INFO Sleeping 0.069 s
2020-02-28 21:33:48,714 INFO Press: {UP} (9) time: 80 ms
2020-02-28 21:33:48,714 INFO Sleeping 0.069 s
2020-02-28 21:33:48,714 INFO Press: {UP} (10) time: 80 ms
2020-02-28 21:33:48,714 INFO Sleeping 0.069 s
2020-02-28 21:33:48,714 INFO Press: {UP} (11) time: 80 ms
2020-02-28 21:33:48,714 INFO Sleeping 0.069 s
2020-02-28 21:33:48,714 INFO Press: {UP} (12) time: 80 ms
2020-02-28 21:33:48,714 INFO Sleeping 0.069 s
2020-02-28 21:33:48,714 INFO Press: {UP} (13) time: 80 ms
2020-02-28 21:33:48,714 INFO Sleeping 0.069 s
2020-02-28 21:33:48,715 INFO Press: {UP} (14) time: 80 ms
2020-02-28 21:33:48,715 INFO Sleeping 0.069 s
2020-02-28 21:33:48,715 INFO Press: {UP} (15) time: 80 ms
2020-02-28 21:33:48,715 INFO Sleeping 0.069 s
2020-02-28 21:33:48,715 INFO Press: {UP} (16) time: 80 ms
2020-02-28 21:33:48,715 INFO Sleeping 0.069 s
2020-02-28 21:33:48,715 INFO Press: {UP} (17) time: 80 ms
2020-02-28 21:33:48,715 INFO Sleeping 0.069 s
2020-02-28 21:33:48,715 INFO Press: {UP} (18) time: 80 ms
2020-02-28 21:33:48,716 INFO Sleeping 0.069 s
2020-02-28 21:33:48,716 INFO Press: {UP} (19) time: 80 ms
2020-02-28 21:33:48,716 INFO Sleeping 0.069 s
2020-02-28 21:33:48,716 INFO Press: {UP} (20) time: 80 ms
2020-02-28 21:33:48,716 INFO Sleeping 0.069 s
2020-02-28 21:33:48,716 INFO Press: {UP} (21) time: 80 ms
2020-02-28 21:33:48,716 INFO Sleeping 0.069 s
2020-02-28 21:33:48,716 INFO Press: {UP} (22) time: 80 ms
2020-02-28 21:33:48,716 INFO Sleeping 0.069 s
2020-02-28 21:33:48,716 INFO Press: {UP} (23) time: 80 ms
2020-02-28 21:33:48,716 INFO Sleeping 0.069 s
2020-02-28 21:33:48,717 INFO Press: {UP} (24) time: 80 ms
2020-02-28 21:33:48,717 INFO Sleeping 0.069 s
2020-02-28 21:33:48,717 INFO Press: {UP} (25) time: 80 ms
2020-02-28 21:33:48,717 INFO Sleeping 0.069 s
2020-02-28 21:33:48,717 INFO Press: {UP} (26) time: 80 ms
2020-02-28 21:33:48,717 INFO Sleeping 0.069 s
2020-02-28 21:33:48,717 INFO Press: {UP} (27) time: 80 ms
2020-02-28 21:33:48,717 INFO Sleeping 0.069 s
2020-02-28 21:33:48,717 INFO Press: {UP} (28) time: 80 ms
2020-02-28 21:33:48,717 INFO Sleeping 0.069 s
2020-02-28 21:33:48,717 INFO Press: {UP} (29) time: 80 ms
2020-02-28 21:33:48,718 INFO Sleeping 0.069 s
2020-02-28 21:33:48,718 INFO Press: {UP} (30) time: 80 ms
2020-02-28 21:33:48,718 INFO Sleeping 0.069 s
2020-02-28 21:33:48,718 INFO Press: {UP} (31) time: 80 ms
2020-02-28 21:33:48,718 INFO Sleeping 0.069 s
2020-02-28 21:33:48,718 INFO Press: {UP} (32) time: 80 ms
2020-02-28 21:33:48,718 INFO Sleeping 0.069 s
2020-02-28 21:33:48,718 INFO Press: {UP} (33) time: 80 ms
2020-02-28 21:33:48,718 INFO Sleeping 0.069 s
2020-02-28 21:33:48,718 INFO Press: {UP} (34) time: 80 ms
2020-02-28 21:33:48,718 INFO Sleeping 0.069 s
2020-02-28 21:33:48,719 INFO Press: {UP} (35) time: 80 ms
2020-02-28 21:33:48,719 INFO Sleeping 0.069 s
2020-02-28 21:33:48,719 INFO Press: {UP} (36) time: 80 ms
2020-02-28 21:33:48,719 INFO Sleeping 0.069 s
2020-02-28 21:33:48,719 INFO Press: {UP} (37) time: 80 ms
2020-02-28 21:33:48,719 INFO Sleeping 0.069 s
2020-02-28 21:33:48,719 INFO Press: {UP} (38) time: 80 ms
2020-02-28 21:33:48,719 INFO Sleeping 0.069 s
2020-02-28 21:33:48,719 INFO Press: {UP} (39) time: 80 ms
2020-02-28 21:33:48,719 INFO Sleeping 0.069 s
2020-02-28 21:33:48,720 INFO Press: {UP} (40) time: 80 ms
2020-02-28 21:33:48,720 INFO Sleeping 0.069 s
2020-02-28 21:33:48,720 INFO Press: {UP} (41) time: 80 ms
2020-02-28 21:33:48,720 INFO Sleeping 0.069 s
2020-02-28 21:33:48,720 INFO Press: {UP} (42) time: 80 ms
2020-02-28 21:33:48,720 INFO Sleeping 0.069 s
2020-02-28 21:33:48,720 INFO Press: {UP} (43) time: 80 ms
2020-02-28 21:33:48,721 INFO Sleeping 0.069 s
2020-02-28 21:33:48,721 INFO Press: {UP} (44) time: 80 ms
2020-02-28 21:33:48,721 INFO Sleeping 0.069 s
2020-02-28 21:33:48,721 INFO Press: {UP} (45) time: 80 ms
2020-02-28 21:33:48,721 INFO Sleeping 0.069 s
2020-02-28 21:33:48,721 INFO Press: {UP} (46) time: 80 ms
2020-02-28 21:33:48,721 INFO Sleeping 0.069 s
2020-02-28 21:33:48,721 INFO Press: {UP} (47) time: 80 ms
2020-02-28 21:33:48,721 INFO Sleeping 0.069 s
2020-02-28 21:33:48,722 INFO Press: {UP} (48) time: 80 ms
2020-02-28 21:33:48,722 INFO Sleeping 0.069 s
2020-02-28 21:33:48,722 INFO Press: {UP} (49) time: 81 ms
2020-02-28 21:33:48,722 INFO Sleeping 0.069 s
2020-02-28 21:33:48,722 INFO Press: {UP} (50) time: 80 ms
2020-02-28 21:33:48,722 INFO Sleeping 0.069 s
2020-02-28 21:33:48,722 INFO Press: {UP} (51) time: 80 ms
2020-02-28 21:33:48,722 INFO Sleeping 0.069 s
2020-02-28 21:33:48,722 INFO Press: {UP} (52) time: 80 ms
2020-02-28 21:33:48,722 INFO Sleeping 0.069 s
2020-02-28 21:33:48,722 INFO Press: {UP} (53) time: 80 ms
2020-02-28 21:33:48,723 INFO Sleeping 0.069 s
2020-02-28 21:33:48,723 INFO Press: {UP} (54) time: 80 ms
2020-02-28 21:33:48,723 INFO Sleeping 0.069 s
2020-02-28 21:33:48,723 INFO Press: {UP} (55) time: 80 ms
2020-02-28 21:33:48,723 INFO Sleeping 0.069 s
2020-02-28 21:33:48,723 INFO Press: {UP} (56) time: 80 ms
2020-02-28 21:33:48,723 INFO Sleeping 0.069 s
2020-02-28 21:33:48,723 INFO Press: {UP} (57) time: 80 ms
2020-02-28 21:33:48,723 INFO Sleeping 0.069 s
2020-02-28 21:33:48,723 INFO Press: {UP} (58) time: 80 ms
2020-02-28 21:33:48,724 INFO Sleeping 0.069 s
2020-02-28 21:33:48,724 INFO Press: {UP} (59) time: 80 ms
2020-02-28 21:33:48,724 INFO Sleeping 0.069 s
2020-02-28 21:33:48,724 INFO Press: {UP} (60) time: 80 ms
2020-02-28 21:33:48,724 INFO Sleeping 0.069 s
2020-02-28 21:33:48,724 INFO Press: {UP} (61) time: 80 ms
2020-02-28 21:33:48,724 INFO Sleeping 0.069 s
2020-02-28 21:33:48,724 INFO Press: {UP} (62) time: 80 ms
2020-02-28 21:33:48,724 INFO Sleeping 0.069 s
2020-02-28 21:33:48,724 INFO Press: {UP} (63) time: 80 ms
2020-02-28 21:33:48,724 INFO Sleeping 0.069 s
2020-02-28 21:33:48,769 INFO Press: {UP} (64) time: 11749 ms
2020-02-28 21:33:48,789 INFO Sleeping 0.069 s
2020-02-28 21:33:48,859 INFO Press: {UP} (65) time: 90 ms
2020-02-28 21:33:48,879 INFO Sleeping 0.069 s
2020-02-28 21:33:48,949 INFO Press: {UP} (66) time: 90 ms
2020-02-28 21:33:48,969 INFO Sleeping 0.069 s
2020-02-28 21:33:49,039 INFO Press: {UP} (67) time: 90 ms
2020-02-28 21:33:49,059 INFO Sleeping 0.069 s
2020-02-28 21:33:49,129 INFO Press: {UP} (68) time: 90 ms
2020-02-28 21:33:49,149 INFO Sleeping 0.069 s
2020-02-28 21:33:49,219 INFO Press: {UP} (69) time: 90 ms
2020-02-28 21:33:49,239 INFO Sleeping 0.069 s
2020-02-28 21:33:49,309 INFO Press: {UP} (70) time: 90 ms
2020-02-28 21:33:49,329 INFO Sleeping 0.069 s
2020-02-28 21:33:49,399 INFO Press: {UP} (71) time: 90 ms
2020-02-28 21:33:49,419 INFO Sleeping 0.069 s
2020-02-28 21:33:49,490 INFO Press: {UP} (72) time: 91 ms
2020-02-28 21:33:49,500 INFO Sleeping 0.069 s
2020-02-28 21:33:49,570 INFO Press: {UP} (73) time: 80 ms
2020-02-28 21:33:49,580 INFO Sleeping 0.069 s
2020-02-28 21:33:49,650 INFO Press: {UP} (74) time: 80 ms
2020-02-28 21:33:49,660 INFO Sleeping 0.069 s
2020-02-28 21:33:49,730 INFO Press: {UP} (75) time: 80 ms
2020-02-28 21:33:49,740 INFO Sleeping 0.069 s
2020-02-28 21:33:49,810 INFO Press: {UP} (76) time: 80 ms
2020-02-28 21:33:49,820 INFO Sleeping 0.069 s
2020-02-28 21:33:49,890 INFO Press: {UP} (77) time: 80 ms
2020-02-28 21:33:49,900 INFO Sleeping 0.069 s
2020-02-28 21:33:49,970 INFO Press: {UP} (78) time: 80 ms
2020-02-28 21:33:50,372 INFO Sleeping 0.069 s
2020-02-28 21:33:50,372 INFO Press: {UP} (79) time: 80 ms
2020-02-28 21:33:50,373 INFO Sleeping 0.069 s
2020-02-28 21:33:50,373 INFO Press: {UP} (80) time: 80 ms
2020-02-28 21:33:50,373 INFO Sleeping 0.069 s
2020-02-28 21:33:50,373 INFO Press: {UP} (81) time: 80 ms
2020-02-28 21:33:50,373 INFO Sleeping 0.069 s
2020-02-28 21:33:50,374 INFO Press: {UP} (82) time: 80 ms
2020-02-28 21:33:50,374 INFO 
2020-02-28 21:33:50,374 INFO Click left
2020-02-28 21:33:50,375 INFO X: 908
2020-02-28 21:33:50,375 INFO Y: 140
2020-02-28 21:33:50,571 INFO Sleeping 1.5 s
2020-02-28 21:33:52,071 INFO Sleeping 1.2 s
2020-02-28 21:33:53,271 INFO Holding {UP} for 18300 ms
2020-02-28 21:33:53,282 INFO Sleeping 0.069 s
2020-02-28 21:33:53,352 INFO Press: {UP} (1) time: 81 ms
2020-02-28 21:33:53,362 INFO Sleeping 0.069 s
2020-02-28 21:33:53,432 INFO Press: {UP} (2) time: 80 ms
2020-02-28 21:33:53,442 INFO Sleeping 0.069 s
2020-02-28 21:33:53,512 INFO Press: {UP} (3) time: 80 ms
2020-02-28 21:33:53,522 INFO Sleeping 0.069 s
2020-02-28 21:33:53,592 INFO Press: {UP} (4) time: 80 ms
2020-02-28 21:33:53,602 INFO Sleeping 0.069 s
2020-02-28 21:33:53,672 INFO Press: {UP} (5) time: 80 ms
2020-02-28 21:33:53,682 INFO Sleeping 0.069 s
2020-02-28 21:33:53,752 INFO Press: {UP} (6) time: 80 ms
2020-02-28 21:33:53,762 INFO Sleeping 0.069 s
2020-02-28 21:33:53,832 INFO Press: {UP} (7) time: 80 ms
2020-02-28 21:33:53,842 INFO Sleeping 0.069 s
2020-02-28 21:33:53,912 INFO Press: {UP} (8) time: 80 ms
2020-02-28 21:33:53,922 INFO Sleeping 0.069 s
2020-02-28 21:33:53,992 INFO Press: {UP} (9) time: 80 ms
2020-02-28 21:33:54,002 INFO Sleeping 0.069 s
2020-02-28 21:33:54,072 INFO Press: {UP} (10) time: 80 ms
2020-02-28 21:33:54,082 INFO Sleeping 0.069 s
2020-02-28 21:33:54,152 INFO Press: {UP} (11) time: 80 ms
2020-02-28 21:33:54,162 INFO Sleeping 0.069 s
2020-02-28 21:33:54,232 INFO Press: {UP} (12) time: 80 ms
2020-02-28 21:33:54,242 INFO Sleeping 0.069 s
2020-02-28 21:33:54,312 INFO Press: {UP} (13) time: 80 ms
2020-02-28 21:33:54,322 INFO Sleeping 0.069 s
2020-02-28 21:33:54,392 INFO Press: {UP} (14) time: 80 ms
2020-02-28 21:33:54,402 INFO Sleeping 0.069 s
2020-02-28 21:33:54,472 INFO Press: {UP} (15) time: 80 ms
2020-02-28 21:33:54,482 INFO Sleeping 0.069 s
2020-02-28 21:33:54,552 INFO Press: {UP} (16) time: 80 ms
2020-02-28 21:33:54,562 INFO Sleeping 0.069 s
2020-02-28 21:33:54,632 INFO Press: {UP} (17) time: 80 ms
2020-02-28 21:33:54,642 INFO Sleeping 0.069 s
2020-02-28 21:33:54,712 INFO Press: {UP} (18) time: 80 ms
2020-02-28 21:33:54,722 INFO Sleeping 0.069 s
2020-02-28 21:33:54,792 INFO Press: {UP} (19) time: 80 ms
2020-02-28 21:33:54,802 INFO Sleeping 0.069 s
2020-02-28 21:33:54,872 INFO Press: {UP} (20) time: 80 ms
2020-02-28 21:33:54,882 INFO Sleeping 0.069 s
2020-02-28 21:33:54,952 INFO Press: {UP} (21) time: 80 ms
2020-02-28 21:33:54,962 INFO Sleeping 0.069 s
2020-02-28 21:33:55,032 INFO Press: {UP} (22) time: 80 ms
2020-02-28 21:33:55,042 INFO Sleeping 0.069 s
2020-02-28 21:33:55,112 INFO Press: {UP} (23) time: 80 ms
2020-02-28 21:33:55,122 INFO Sleeping 0.069 s
2020-02-28 21:33:55,192 INFO Press: {UP} (24) time: 80 ms
2020-02-28 21:33:55,202 INFO Sleeping 0.069 s
2020-02-28 21:33:55,272 INFO Press: {UP} (25) time: 80 ms
2020-02-28 21:33:55,282 INFO Sleeping 0.069 s
2020-02-28 21:33:55,352 INFO Press: {UP} (26) time: 80 ms
2020-02-28 21:33:55,362 INFO Sleeping 0.069 s
2020-02-28 21:33:55,432 INFO Press: {UP} (27) time: 80 ms
2020-02-28 21:33:55,442 INFO Sleeping 0.069 s
2020-02-28 21:33:55,512 INFO Press: {UP} (28) time: 80 ms
2020-02-28 21:33:55,522 INFO Sleeping 0.069 s
2020-02-28 21:33:55,592 INFO Press: {UP} (29) time: 80 ms
2020-02-28 21:33:55,602 INFO Sleeping 0.069 s
2020-02-28 21:33:55,672 INFO Press: {UP} (30) time: 80 ms
2020-02-28 21:33:55,682 INFO Sleeping 0.069 s
2020-02-28 21:33:55,752 INFO Press: {UP} (31) time: 80 ms
2020-02-28 21:33:55,762 INFO Sleeping 0.069 s
2020-02-28 21:33:55,832 INFO Press: {UP} (32) time: 80 ms
2020-02-28 21:33:55,842 INFO Sleeping 0.069 s
2020-02-28 21:33:55,912 INFO Press: {UP} (33) time: 80 ms
2020-02-28 21:33:55,923 INFO Sleeping 0.069 s
2020-02-28 21:33:55,993 INFO Press: {UP} (34) time: 81 ms
2020-02-28 21:33:56,003 INFO Sleeping 0.069 s
2020-02-28 21:33:56,073 INFO Press: {UP} (35) time: 80 ms
2020-02-28 21:33:56,083 INFO Sleeping 0.069 s
2020-02-28 21:33:56,153 INFO Press: {UP} (36) time: 80 ms
2020-02-28 21:33:56,163 INFO Sleeping 0.069 s
2020-02-28 21:33:56,233 INFO Press: {UP} (37) time: 80 ms
2020-02-28 21:33:56,243 INFO Sleeping 0.069 s
2020-02-28 21:33:56,313 INFO Press: {UP} (38) time: 80 ms
2020-02-28 21:33:56,323 INFO Sleeping 0.069 s
2020-02-28 21:33:56,393 INFO Press: {UP} (39) time: 80 ms
2020-02-28 21:33:56,403 INFO Sleeping 0.069 s
2020-02-28 21:33:56,473 INFO Press: {UP} (40) time: 80 ms
2020-02-28 21:33:56,483 INFO Sleeping 0.069 s
2020-02-28 21:33:56,553 INFO Press: {UP} (41) time: 80 ms
2020-02-28 21:33:56,563 INFO Sleeping 0.069 s
2020-02-28 21:33:56,633 INFO Press: {UP} (42) time: 80 ms
2020-02-28 21:33:56,643 INFO Sleeping 0.069 s
2020-02-28 21:33:56,713 INFO Press: {UP} (43) time: 80 ms
2020-02-28 21:33:56,723 INFO Sleeping 0.069 s
2020-02-28 21:33:56,793 INFO Press: {UP} (44) time: 80 ms
2020-02-28 21:33:56,803 INFO Sleeping 0.069 s
2020-02-28 21:33:56,873 INFO Press: {UP} (45) time: 80 ms
2020-02-28 21:33:56,883 INFO Sleeping 0.069 s
2020-02-28 21:33:56,953 INFO Press: {UP} (46) time: 80 ms
2020-02-28 21:33:56,963 INFO Sleeping 0.069 s
2020-02-28 21:33:57,033 INFO Press: {UP} (47) time: 80 ms
2020-02-28 21:33:57,043 INFO Sleeping 0.069 s
2020-02-28 21:33:57,113 INFO Press: {UP} (48) time: 80 ms
2020-02-28 21:33:57,123 INFO Sleeping 0.069 s
2020-02-28 21:33:57,193 INFO Press: {UP} (49) time: 80 ms
2020-02-28 21:33:57,203 INFO Sleeping 0.069 s
2020-02-28 21:33:57,273 INFO Press: {UP} (50) time: 80 ms
2020-02-28 21:33:57,283 INFO Sleeping 0.069 s
2020-02-28 21:33:57,353 INFO Press: {UP} (51) time: 80 ms
2020-02-28 21:33:57,363 INFO Sleeping 0.069 s
2020-02-28 21:33:57,433 INFO Press: {UP} (52) time: 80 ms
2020-02-28 21:33:57,443 INFO Sleeping 0.069 s
2020-02-28 21:33:57,513 INFO Press: {UP} (53) time: 80 ms
2020-02-28 21:33:57,523 INFO Sleeping 0.069 s
2020-02-28 21:33:57,593 INFO Press: {UP} (54) time: 80 ms
2020-02-28 21:33:57,603 INFO Sleeping 0.069 s
2020-02-28 21:33:57,673 INFO Press: {UP} (55) time: 80 ms
2020-02-28 21:33:57,683 INFO Sleeping 0.069 s
2020-02-28 21:33:57,753 INFO Press: {UP} (56) time: 80 ms
2020-02-28 21:33:57,763 INFO Sleeping 0.069 s
2020-02-28 21:33:57,833 INFO Press: {UP} (57) time: 80 ms
2020-02-28 21:33:57,843 INFO Sleeping 0.069 s
2020-02-28 21:33:57,913 INFO Press: {UP} (58) time: 80 ms
2020-02-28 21:33:57,923 INFO Sleeping 0.069 s
2020-02-28 21:33:57,993 INFO Press: {UP} (59) time: 80 ms
2020-02-28 21:33:58,003 INFO Sleeping 0.069 s
2020-02-28 21:33:58,073 INFO Press: {UP} (60) time: 80 ms
2020-02-28 21:33:58,083 INFO Sleeping 0.069 s
2020-02-28 21:33:58,153 INFO Press: {UP} (61) time: 80 ms
2020-02-28 21:33:58,163 INFO Sleeping 0.069 s
2020-02-28 21:33:58,233 INFO Press: {UP} (62) time: 80 ms
2020-02-28 21:33:58,243 INFO Sleeping 0.069 s
2020-02-28 21:33:58,313 INFO Press: {UP} (63) time: 80 ms
2020-02-28 21:33:58,323 INFO Sleeping 0.069 s
2020-02-28 21:33:58,393 INFO Press: {UP} (64) time: 80 ms
2020-02-28 21:33:58,403 INFO Sleeping 0.069 s
2020-02-28 21:33:58,473 INFO Press: {UP} (65) time: 80 ms
2020-02-28 21:33:58,483 INFO Sleeping 0.069 s
2020-02-28 21:33:58,553 INFO Press: {UP} (66) time: 80 ms
2020-02-28 21:33:58,563 INFO Sleeping 0.069 s
2020-02-28 21:33:58,633 INFO Press: {UP} (67) time: 80 ms
2020-02-28 21:33:58,644 INFO Sleeping 0.069 s
2020-02-28 21:33:58,714 INFO Press: {UP} (68) time: 81 ms
2020-02-28 21:33:58,724 INFO Sleeping 0.069 s
2020-02-28 21:33:58,794 INFO Press: {UP} (69) time: 80 ms
2020-02-28 21:33:58,804 INFO Sleeping 0.069 s
2020-02-28 21:33:58,874 INFO Press: {UP} (70) time: 80 ms
2020-02-28 21:33:58,884 INFO Sleeping 0.069 s
2020-02-28 21:33:58,954 INFO Press: {UP} (71) time: 80 ms
2020-02-28 21:33:58,964 INFO Sleeping 0.069 s
2020-02-28 21:33:59,034 INFO Press: {UP} (72) time: 80 ms
2020-02-28 21:33:59,044 INFO Sleeping 0.069 s
2020-02-28 21:33:59,114 INFO Press: {UP} (73) time: 80 ms
2020-02-28 21:33:59,124 INFO Sleeping 0.069 s
2020-02-28 21:33:59,194 INFO Press: {UP} (74) time: 80 ms
2020-02-28 21:33:59,204 INFO Sleeping 0.069 s
2020-02-28 21:33:59,274 INFO Press: {UP} (75) time: 80 ms
2020-02-28 21:33:59,284 INFO Sleeping 0.069 s
2020-02-28 21:33:59,354 INFO Press: {UP} (76) time: 80 ms
2020-02-28 21:33:59,364 INFO Sleeping 0.069 s
2020-02-28 21:33:59,434 INFO Press: {UP} (77) time: 80 ms
2020-02-28 21:33:59,444 INFO Sleeping 0.069 s
2020-02-28 21:33:59,514 INFO Press: {UP} (78) time: 80 ms
2020-02-28 21:33:59,524 INFO Sleeping 0.069 s
2020-02-28 21:33:59,594 INFO Press: {UP} (79) time: 80 ms
2020-02-28 21:33:59,605 INFO Sleeping 0.069 s
2020-02-28 21:33:59,674 INFO Press: {UP} (80) time: 80 ms
2020-02-28 21:33:59,684 INFO Sleeping 0.069 s
2020-02-28 21:33:59,754 INFO Press: {UP} (81) time: 80 ms
2020-02-28 21:33:59,764 INFO Sleeping 0.069 s
2020-02-28 21:33:59,834 INFO Press: {UP} (82) time: 80 ms
2020-02-28 21:33:59,844 INFO Sleeping 0.069 s
2020-02-28 21:33:59,914 INFO Press: {UP} (83) time: 80 ms
2020-02-28 21:33:59,924 INFO Sleeping 0.069 s
2020-02-28 21:33:59,994 INFO Press: {UP} (84) time: 80 ms
2020-02-28 21:34:00,004 INFO Sleeping 0.069 s
2020-02-28 21:34:00,074 INFO Press: {UP} (85) time: 80 ms
2020-02-28 21:34:00,084 INFO Sleeping 0.069 s
2020-02-28 21:34:00,154 INFO Press: {UP} (86) time: 80 ms
2020-02-28 21:34:00,164 INFO Sleeping 0.069 s
2020-02-28 21:34:00,234 INFO Press: {UP} (87) time: 80 ms
2020-02-28 21:34:00,244 INFO Sleeping 0.069 s
2020-02-28 21:34:00,314 INFO Press: {UP} (88) time: 80 ms
2020-02-28 21:34:00,324 INFO Sleeping 0.069 s
2020-02-28 21:34:00,394 INFO Press: {UP} (89) time: 80 ms
2020-02-28 21:34:00,404 INFO Sleeping 0.069 s
2020-02-28 21:34:00,474 INFO Press: {UP} (90) time: 80 ms
2020-02-28 21:34:00,484 INFO Sleeping 0.069 s
2020-02-28 21:34:00,554 INFO Press: {UP} (91) time: 80 ms
2020-02-28 21:34:00,564 INFO Sleeping 0.069 s
2020-02-28 21:34:00,634 INFO Press: {UP} (92) time: 80 ms
2020-02-28 21:34:00,644 INFO Sleeping 0.069 s
2020-02-28 21:34:00,714 INFO Press: {UP} (93) time: 80 ms
2020-02-28 21:34:00,724 INFO Sleeping 0.069 s
2020-02-28 21:34:00,794 INFO Press: {UP} (94) time: 80 ms
2020-02-28 21:34:00,804 INFO Sleeping 0.069 s
2020-02-28 21:34:00,874 INFO Press: {UP} (95) time: 80 ms
2020-02-28 21:34:00,884 INFO Sleeping 0.069 s
2020-02-28 21:34:00,954 INFO Press: {UP} (96) time: 80 ms
2020-02-28 21:34:00,964 INFO Sleeping 0.069 s
2020-02-28 21:34:01,034 INFO Press: {UP} (97) time: 80 ms
2020-02-28 21:34:01,044 INFO Sleeping 0.069 s
2020-02-28 21:34:01,114 INFO Press: {UP} (98) time: 80 ms
2020-02-28 21:34:01,124 INFO Sleeping 0.069 s
2020-02-28 21:34:01,194 INFO Press: {UP} (99) time: 80 ms
2020-02-28 21:34:01,204 INFO Sleeping 0.069 s
2020-02-28 21:34:01,274 INFO Press: {UP} (100) time: 80 ms
2020-02-28 21:34:01,284 INFO Sleeping 0.069 s
2020-02-28 21:34:01,354 INFO Press: {UP} (101) time: 80 ms
2020-02-28 21:34:01,364 INFO Sleeping 0.069 s
2020-02-28 21:34:01,434 INFO Press: {UP} (102) time: 80 ms
2020-02-28 21:34:01,444 INFO Sleeping 0.069 s
2020-02-28 21:34:01,514 INFO Press: {UP} (103) time: 80 ms
2020-02-28 21:34:01,524 INFO Sleeping 0.069 s
2020-02-28 21:34:01,594 INFO Press: {UP} (104) time: 80 ms
2020-02-28 21:34:01,604 INFO Sleeping 0.069 s
2020-02-28 21:34:01,674 INFO Press: {UP} (105) time: 80 ms
2020-02-28 21:34:01,684 INFO Sleeping 0.069 s
2020-02-28 21:34:01,754 INFO Press: {UP} (106) time: 80 ms
2020-02-28 21:34:01,764 INFO Sleeping 0.069 s
2020-02-28 21:34:01,834 INFO Press: {UP} (107) time: 80 ms
2020-02-28 21:34:01,844 INFO Sleeping 0.069 s
2020-02-28 21:34:01,914 INFO Press: {UP} (108) time: 80 ms
2020-02-28 21:34:01,924 INFO Sleeping 0.069 s
2020-02-28 21:34:01,994 INFO Press: {UP} (109) time: 80 ms
2020-02-28 21:34:02,004 INFO Sleeping 0.069 s
2020-02-28 21:34:02,074 INFO Press: {UP} (110) time: 80 ms
2020-02-28 21:34:02,084 INFO Sleeping 0.069 s
2020-02-28 21:34:02,154 INFO Press: {UP} (111) time: 80 ms
2020-02-28 21:34:02,165 INFO Sleeping 0.069 s
2020-02-28 21:34:02,235 INFO Press: {UP} (112) time: 81 ms
2020-02-28 21:34:02,245 INFO Sleeping 0.069 s
2020-02-28 21:34:02,315 INFO Press: {UP} (113) time: 80 ms
2020-02-28 21:34:02,325 INFO Sleeping 0.069 s
2020-02-28 21:34:02,395 INFO Press: {UP} (114) time: 80 ms
2020-02-28 21:34:02,405 INFO Sleeping 0.069 s
2020-02-28 21:34:02,475 INFO Press: {UP} (115) time: 80 ms
2020-02-28 21:34:02,485 INFO Sleeping 0.069 s
2020-02-28 21:34:02,555 INFO Press: {UP} (116) time: 80 ms
2020-02-28 21:34:02,565 INFO Sleeping 0.069 s
2020-02-28 21:34:02,635 INFO Press: {UP} (117) time: 80 ms
2020-02-28 21:34:02,645 INFO Sleeping 0.069 s
2020-02-28 21:34:02,715 INFO Press: {UP} (118) time: 80 ms
2020-02-28 21:34:02,725 INFO Sleeping 0.069 s
2020-02-28 21:34:02,795 INFO Press: {UP} (119) time: 80 ms
2020-02-28 21:34:02,805 INFO Sleeping 0.069 s
2020-02-28 21:34:02,875 INFO Press: {UP} (120) time: 80 ms
2020-02-28 21:34:02,885 INFO Sleeping 0.069 s
2020-02-28 21:34:02,955 INFO Press: {UP} (121) time: 80 ms
2020-02-28 21:34:02,965 INFO Sleeping 0.069 s
2020-02-28 21:34:03,035 INFO Press: {UP} (122) time: 80 ms
2020-02-28 21:34:03,045 INFO Sleeping 0.069 s
2020-02-28 21:34:03,115 INFO Press: {UP} (123) time: 80 ms
2020-02-28 21:34:03,125 INFO Sleeping 0.069 s
2020-02-28 21:34:03,195 INFO Press: {UP} (124) time: 80 ms
2020-02-28 21:34:03,205 INFO Sleeping 0.069 s
2020-02-28 21:34:03,275 INFO Press: {UP} (125) time: 80 ms
2020-02-28 21:34:03,285 INFO Sleeping 0.069 s
2020-02-28 21:34:03,355 INFO Press: {UP} (126) time: 80 ms
2020-02-28 21:34:03,365 INFO Sleeping 0.069 s
2020-02-28 21:34:03,435 INFO Press: {UP} (127) time: 80 ms
2020-02-28 21:34:03,445 INFO Sleeping 0.069 s
2020-02-28 21:34:03,515 INFO Press: {UP} (128) time: 80 ms
2020-02-28 21:34:03,525 INFO Sleeping 0.069 s
2020-02-28 21:34:03,595 INFO Press: {UP} (129) time: 80 ms
2020-02-28 21:34:03,605 INFO Sleeping 0.069 s
2020-02-28 21:34:03,675 INFO Press: {UP} (130) time: 80 ms
2020-02-28 21:34:03,685 INFO Sleeping 0.069 s
2020-02-28 21:34:03,755 INFO Press: {UP} (131) time: 80 ms
2020-02-28 21:34:03,765 INFO Sleeping 0.069 s
2020-02-28 21:34:03,835 INFO Press: {UP} (132) time: 80 ms
2020-02-28 21:34:03,845 INFO Sleeping 0.069 s
2020-02-28 21:34:03,915 INFO Press: {UP} (133) time: 80 ms
2020-02-28 21:34:03,925 INFO Sleeping 0.069 s
2020-02-28 21:34:03,995 INFO Press: {UP} (134) time: 80 ms
2020-02-28 21:34:04,005 INFO Sleeping 0.069 s
2020-02-28 21:34:04,075 INFO Press: {UP} (135) time: 80 ms
2020-02-28 21:34:04,085 INFO Sleeping 0.069 s
2020-02-28 21:34:04,155 INFO Press: {UP} (136) time: 80 ms
2020-02-28 21:34:04,165 INFO Sleeping 0.069 s
2020-02-28 21:34:04,235 INFO Press: {UP} (137) time: 80 ms
2020-02-28 21:34:04,245 INFO Sleeping 0.069 s
2020-02-28 21:34:04,315 INFO Press: {UP} (138) time: 80 ms
2020-02-28 21:34:04,325 INFO Sleeping 0.069 s
2020-02-28 21:34:04,395 INFO Press: {UP} (139) time: 80 ms
2020-02-28 21:34:04,405 INFO Sleeping 0.069 s
2020-02-28 21:34:04,475 INFO Press: {UP} (140) time: 80 ms
2020-02-28 21:34:04,485 INFO Sleeping 0.069 s
2020-02-28 21:34:04,555 INFO Press: {UP} (141) time: 80 ms
2020-02-28 21:34:04,565 INFO Sleeping 0.069 s
2020-02-28 21:34:04,635 INFO Press: {UP} (142) time: 80 ms
2020-02-28 21:34:04,645 INFO Sleeping 0.069 s
2020-02-28 21:34:04,715 INFO Press: {UP} (143) time: 80 ms
2020-02-28 21:34:04,725 INFO Sleeping 0.069 s
2020-02-28 21:34:04,795 INFO Press: {UP} (144) time: 80 ms
2020-02-28 21:34:04,805 INFO Sleeping 0.069 s
2020-02-28 21:34:04,875 INFO Press: {UP} (145) time: 80 ms
2020-02-28 21:34:04,885 INFO Sleeping 0.069 s
2020-02-28 21:34:04,955 INFO Press: {UP} (146) time: 80 ms
2020-02-28 21:34:04,965 INFO Sleeping 0.069 s
2020-02-28 21:34:05,035 INFO Press: {UP} (147) time: 80 ms
2020-02-28 21:34:05,045 INFO Sleeping 0.069 s
2020-02-28 21:34:05,115 INFO Press: {UP} (148) time: 80 ms
2020-02-28 21:34:05,125 INFO Sleeping 0.069 s
2020-02-28 21:34:05,195 INFO Press: {UP} (149) time: 80 ms
2020-02-28 21:34:05,205 INFO Sleeping 0.069 s
2020-02-28 21:34:05,275 INFO Press: {UP} (150) time: 80 ms
2020-02-28 21:34:05,285 INFO Sleeping 0.069 s
2020-02-28 21:34:05,355 INFO Press: {UP} (151) time: 80 ms
2020-02-28 21:34:05,365 INFO Sleeping 0.069 s
2020-02-28 21:34:05,435 INFO Press: {UP} (152) time: 80 ms
2020-02-28 21:34:05,445 INFO Sleeping 0.069 s
2020-02-28 21:34:05,515 INFO Press: {UP} (153) time: 80 ms
2020-02-28 21:34:05,525 INFO Sleeping 0.069 s
2020-02-28 21:34:05,595 INFO Press: {UP} (154) time: 80 ms
2020-02-28 21:34:05,605 INFO Sleeping 0.069 s
2020-02-28 21:34:05,675 INFO Press: {UP} (155) time: 80 ms
2020-02-28 21:34:05,685 INFO Sleeping 0.069 s
2020-02-28 21:34:05,755 INFO Press: {UP} (156) time: 80 ms
2020-02-28 21:34:05,765 INFO Sleeping 0.069 s
2020-02-28 21:34:05,835 INFO Press: {UP} (157) time: 80 ms
2020-02-28 21:34:05,845 INFO Sleeping 0.069 s
2020-02-28 21:34:05,915 INFO Press: {UP} (158) time: 80 ms
2020-02-28 21:34:05,925 INFO Sleeping 0.069 s
2020-02-28 21:34:05,995 INFO Press: {UP} (159) time: 80 ms
2020-02-28 21:34:06,005 INFO Sleeping 0.069 s
2020-02-28 21:34:06,075 INFO Press: {UP} (160) time: 80 ms
2020-02-28 21:34:06,085 INFO Sleeping 0.069 s
2020-02-28 21:34:06,155 INFO Press: {UP} (161) time: 80 ms
2020-02-28 21:34:06,165 INFO Sleeping 0.069 s
2020-02-28 21:34:06,235 INFO Press: {UP} (162) time: 80 ms
2020-02-28 21:34:06,245 INFO Sleeping 0.069 s
2020-02-28 21:34:06,315 INFO Press: {UP} (163) time: 80 ms
2020-02-28 21:34:06,325 INFO Sleeping 0.069 s
2020-02-28 21:34:06,395 INFO Press: {UP} (164) time: 80 ms
2020-02-28 21:34:06,406 INFO Sleeping 0.069 s
2020-02-28 21:34:06,476 INFO Press: {UP} (165) time: 81 ms
2020-02-28 21:34:06,486 INFO Sleeping 0.069 s
2020-02-28 21:34:06,556 INFO Press: {UP} (166) time: 80 ms
2020-02-28 21:34:06,566 INFO Sleeping 0.069 s
2020-02-28 21:34:06,636 INFO Press: {UP} (167) time: 80 ms
2020-02-28 21:34:06,646 INFO Sleeping 0.069 s
2020-02-28 21:34:06,716 INFO Press: {UP} (168) time: 80 ms
2020-02-28 21:34:06,726 INFO Sleeping 0.069 s
2020-02-28 21:34:06,796 INFO Press: {UP} (169) time: 80 ms
2020-02-28 21:34:06,806 INFO Sleeping 0.069 s
2020-02-28 21:34:06,876 INFO Press: {UP} (170) time: 80 ms
2020-02-28 21:34:06,886 INFO Sleeping 0.069 s
2020-02-28 21:34:06,956 INFO Press: {UP} (171) time: 80 ms
2020-02-28 21:34:06,966 INFO Sleeping 0.069 s
2020-02-28 21:34:07,036 INFO Press: {UP} (172) time: 80 ms
2020-02-28 21:34:07,046 INFO Sleeping 0.069 s
2020-02-28 21:34:07,116 INFO Press: {UP} (173) time: 80 ms
2020-02-28 21:34:07,126 INFO Sleeping 0.069 s
2020-02-28 21:34:07,196 INFO Press: {UP} (174) time: 80 ms
2020-02-28 21:34:07,206 INFO Sleeping 0.069 s
2020-02-28 21:34:07,276 INFO Press: {UP} (175) time: 80 ms
2020-02-28 21:34:07,286 INFO Sleeping 0.069 s
2020-02-28 21:34:07,356 INFO Press: {UP} (176) time: 80 ms
2020-02-28 21:34:07,366 INFO Sleeping 0.069 s
2020-02-28 21:34:07,436 INFO Press: {UP} (177) time: 80 ms
2020-02-28 21:34:07,446 INFO Sleeping 0.069 s
2020-02-28 21:34:07,516 INFO Press: {UP} (178) time: 80 ms
2020-02-28 21:34:07,526 INFO Sleeping 0.069 s
2020-02-28 21:34:07,596 INFO Press: {UP} (179) time: 80 ms
2020-02-28 21:34:07,606 INFO Sleeping 0.069 s
2020-02-28 21:34:07,676 INFO Press: {UP} (180) time: 80 ms
2020-02-28 21:34:07,686 INFO Sleeping 0.069 s
2020-02-28 21:34:07,756 INFO Press: {UP} (181) time: 80 ms
2020-02-28 21:34:07,766 INFO Sleeping 0.069 s
2020-02-28 21:34:07,836 INFO Press: {UP} (182) time: 80 ms
2020-02-28 21:34:07,846 INFO Sleeping 0.069 s
2020-02-28 21:34:07,916 INFO Press: {UP} (183) time: 80 ms
2020-02-28 21:34:07,926 INFO Sleeping 0.069 s
2020-02-28 21:34:07,996 INFO Press: {UP} (184) time: 80 ms
2020-02-28 21:34:08,006 INFO Sleeping 0.069 s
2020-02-28 21:34:08,076 INFO Press: {UP} (185) time: 80 ms
2020-02-28 21:34:08,086 INFO Sleeping 0.069 s
2020-02-28 21:34:08,156 INFO Press: {UP} (186) time: 80 ms
2020-02-28 21:34:08,166 INFO Sleeping 0.069 s
2020-02-28 21:34:08,236 INFO Press: {UP} (187) time: 80 ms
2020-02-28 21:34:08,246 INFO Sleeping 0.069 s
2020-02-28 21:34:08,316 INFO Press: {UP} (188) time: 80 ms
2020-02-28 21:34:08,326 INFO Sleeping 0.069 s
2020-02-28 21:34:08,396 INFO Press: {UP} (189) time: 80 ms
2020-02-28 21:34:08,406 INFO Sleeping 0.069 s
2020-02-28 21:34:08,476 INFO Press: {UP} (190) time: 80 ms
2020-02-28 21:34:08,486 INFO Sleeping 0.069 s
2020-02-28 21:34:08,556 INFO Press: {UP} (191) time: 80 ms
2020-02-28 21:34:08,566 INFO Sleeping 0.069 s
2020-02-28 21:34:08,636 INFO Press: {UP} (192) time: 80 ms
2020-02-28 21:34:08,646 INFO Sleeping 0.069 s
2020-02-28 21:34:08,716 INFO Press: {UP} (193) time: 80 ms
2020-02-28 21:34:08,726 INFO Sleeping 0.069 s
2020-02-28 21:34:08,796 INFO Press: {UP} (194) time: 80 ms
2020-02-28 21:34:08,806 INFO Sleeping 0.069 s
2020-02-28 21:34:08,876 INFO Press: {UP} (195) time: 80 ms
2020-02-28 21:34:08,886 INFO Sleeping 0.069 s
2020-02-28 21:34:08,956 INFO Press: {UP} (196) time: 80 ms
2020-02-28 21:34:08,966 INFO Sleeping 0.069 s
2020-02-28 21:34:09,036 INFO Press: {UP} (197) time: 80 ms
2020-02-28 21:34:09,046 INFO Sleeping 0.069 s
2020-02-28 21:34:09,116 INFO Press: {UP} (198) time: 80 ms
2020-02-28 21:34:09,126 INFO Sleeping 0.069 s
2020-02-28 21:34:09,196 INFO Press: {UP} (199) time: 80 ms
2020-02-28 21:34:09,206 INFO Sleeping 0.069 s
2020-02-28 21:34:09,276 INFO Press: {UP} (200) time: 80 ms
2020-02-28 21:34:09,286 INFO Sleeping 0.069 s
2020-02-28 21:34:09,356 INFO Press: {UP} (201) time: 80 ms
2020-02-28 21:34:09,366 INFO Sleeping 0.069 s
2020-02-28 21:34:09,436 INFO Press: {UP} (202) time: 80 ms
2020-02-28 21:34:09,446 INFO Sleeping 0.069 s
2020-02-28 21:34:09,516 INFO Press: {UP} (203) time: 80 ms
2020-02-28 21:34:09,526 INFO Sleeping 0.069 s
2020-02-28 21:34:09,596 INFO Press: {UP} (204) time: 80 ms
2020-02-28 21:34:09,606 INFO Sleeping 0.069 s
2020-02-28 21:34:09,676 INFO Press: {UP} (205) time: 80 ms
2020-02-28 21:34:09,686 INFO Sleeping 0.069 s
2020-02-28 21:34:09,756 INFO Press: {UP} (206) time: 80 ms
2020-02-28 21:34:09,766 INFO Sleeping 0.069 s
2020-02-28 21:34:09,836 INFO Press: {UP} (207) time: 80 ms
2020-02-28 21:34:09,846 INFO Sleeping 0.069 s
2020-02-28 21:34:09,916 INFO Press: {UP} (208) time: 80 ms
2020-02-28 21:34:09,926 INFO Sleeping 0.069 s
2020-02-28 21:34:09,996 INFO Press: {UP} (209) time: 80 ms
2020-02-28 21:34:10,006 INFO Sleeping 0.069 s
2020-02-28 21:34:10,076 INFO Press: {UP} (210) time: 80 ms
2020-02-28 21:34:10,086 INFO Sleeping 0.069 s
2020-02-28 21:34:10,156 INFO Press: {UP} (211) time: 80 ms
2020-02-28 21:34:10,166 INFO Sleeping 0.069 s
2020-02-28 21:34:10,236 INFO Press: {UP} (212) time: 80 ms
2020-02-28 21:34:10,246 INFO Sleeping 0.069 s
2020-02-28 21:34:10,316 INFO Press: {UP} (213) time: 80 ms
2020-02-28 21:34:10,326 INFO Sleeping 0.069 s
2020-02-28 21:34:10,396 INFO Press: {UP} (214) time: 80 ms
2020-02-28 21:34:10,406 INFO Sleeping 0.069 s
2020-02-28 21:34:10,476 INFO Press: {UP} (215) time: 80 ms
2020-02-28 21:34:10,486 INFO Sleeping 0.069 s
2020-02-28 21:34:10,556 INFO Press: {UP} (216) time: 80 ms
2020-02-28 21:34:10,566 INFO Sleeping 0.069 s
2020-02-28 21:34:10,636 INFO Press: {UP} (217) time: 80 ms
2020-02-28 21:34:10,646 INFO Sleeping 0.069 s
2020-02-28 21:34:10,716 INFO Press: {UP} (218) time: 80 ms
2020-02-28 21:34:10,726 INFO Sleeping 0.069 s
2020-02-28 21:34:10,796 INFO Press: {UP} (219) time: 80 ms
2020-02-28 21:34:10,806 INFO Sleeping 0.069 s
2020-02-28 21:34:10,876 INFO Press: {UP} (220) time: 80 ms
2020-02-28 21:34:10,886 INFO Sleeping 0.069 s
2020-02-28 21:34:10,956 INFO Press: {UP} (221) time: 80 ms
2020-02-28 21:34:10,966 INFO Sleeping 0.069 s
2020-02-28 21:34:11,036 INFO Press: {UP} (222) time: 80 ms
2020-02-28 21:34:11,046 INFO Sleeping 0.069 s
2020-02-28 21:34:11,116 INFO Press: {UP} (223) time: 80 ms
2020-02-28 21:34:11,126 INFO Sleeping 0.069 s
2020-02-28 21:34:11,196 INFO Press: {UP} (224) time: 80 ms
2020-02-28 21:34:11,206 INFO Sleeping 0.069 s
2020-02-28 21:34:11,276 INFO Press: {UP} (225) time: 80 ms
2020-02-28 21:34:11,286 INFO Sleeping 0.069 s
2020-02-28 21:34:11,356 INFO Press: {UP} (226) time: 80 ms
2020-02-28 21:34:11,366 INFO Sleeping 0.069 s
2020-02-28 21:34:11,436 INFO Press: {UP} (227) time: 80 ms
2020-02-28 21:34:11,446 INFO Sleeping 0.069 s
2020-02-28 21:34:11,516 INFO Press: {UP} (228) time: 80 ms
2020-02-28 21:34:11,526 INFO Sleeping 0.069 s
2020-02-28 21:34:11,596 INFO Press: {UP} (229) time: 80 ms
2020-02-28 21:34:11,596 INFO 
2020-02-28 21:34:11,597 INFO Click left
2020-02-28 21:34:11,597 INFO X: 763
2020-02-28 21:34:11,598 INFO Y: 590
2020-02-28 21:34:11,857 INFO Sleeping 1.5 s
2020-02-28 21:34:13,357 INFO Sleeping 1.2 s
2020-02-28 21:34:14,557 INFO LogInToSkype() end
2020-02-28 21:34:14,575 INFO ProcessWDE() End: LogInToSkype
2020-02-28 21:34:17,575 INFO 
ProcessWDE Start: LogInToWDE
2020-02-28 21:34:17,723 INFO GOT: LogInToWDE
2020-02-28 21:34:17,724 INFO Got LogInToWDE
2020-02-28 21:34:17,724 INFO ClickButtonAtMainWindow() start
2020-02-28 21:34:17,724 INFO 
2020-02-28 21:34:17,725 INFO FindAWindow() start
2020-02-28 21:34:17,725 INFO Attempt 1 of 6
2020-02-28 21:34:17,725 INFO Target: Support Services - \\Remote
2020-02-28 21:34:30,024 INFO Title: Support Services - \\Remote
2020-02-28 21:34:30,024 INFO Handle: 0x000603F6
2020-02-28 21:34:30,025 INFO Found a window: 0x000603F6
2020-02-28 21:34:30,025 INFO FindAWindow(): found
2020-02-28 21:34:30,025 INFO Current handle: 0x000603F6
2020-02-28 21:34:30,026 INFO Sleeping 0.3 s
2020-02-28 21:34:30,574 INFO Sleeping 0.75 s
2020-02-28 21:34:31,324 INFO ClickButtonAtMainWindow() Title: Support Services - \\Remote
2020-02-28 21:34:31,324 INFO HANDLE: 0x000603F6
2020-02-28 21:34:31,325 INFO 
2020-02-28 21:34:31,325 INFO GetWindowPos start
2020-02-28 21:34:31,325 INFO Target: 0x000603F6
2020-02-28 21:34:31,326 INFO X-Pos: 0
2020-02-28 21:34:31,326 INFO Y-Pos: 0
2020-02-28 21:34:31,326 INFO Width: 181
2020-02-28 21:34:31,327 INFO Height: 261
2020-02-28 21:34:31,327 INFO Sleeping 0.45 s
2020-02-28 21:34:31,774 INFO 
2020-02-28 21:34:31,774 INFO Click left
2020-02-28 21:34:31,775 INFO X: 71
2020-02-28 21:34:31,775 INFO Y: 91
2020-02-28 21:34:32,035 INFO Sleeping 1.5 s
2020-02-28 21:34:33,535 INFO Sleeping 0.45 s
2020-02-28 21:34:33,985 INFO ClickButtonAtMainWindow() end
2020-02-28 21:34:33,985 INFO Sleeping 6 s
