2020-02-21 02:34:31,581 INFO 
MyLogger: started at 02:34:31 in A:\gitreps\autologin\src\log\Login_21-02-2020_02-34-31.log 

2020-02-21 02:34:31,656 INFO InitDriver(): start
2020-02-21 02:34:35,217 INFO InitDriver(): end
2020-02-21 02:34:36,217 INFO LoginToOkta() start
2020-02-21 02:34:43,043 INFO Username: den96560
2020-02-21 02:34:50,296 INFO LaunchReadAuth(): start
2020-02-21 02:34:50,393 INFO AuthCode: 805509
2020-02-21 02:34:50,393 INFO LaunchReadAuth() end
2020-02-21 02:34:56,493 INFO LoginToOkta() end
2020-02-21 02:34:59,493 INFO ParseOktaButtons(): start
2020-02-21 02:34:59,616 INFO ParseOktaButtons(): end
2020-02-21 02:34:59,616 INFO ClickOktaButtonByName(): start
2020-02-21 02:34:59,616 INFO Target: US-West VPN (Redlands Tech Support)

2020-02-21 02:34:59,617 INFO Found: US-West VPN (Redlands Tech Support)
2020-02-21 02:34:59,689 INFO Clicked: US-West VPN (Redlands Tech Support)
2020-02-21 02:34:59,693 INFO ClickOktaButtonByName() end
2020-02-21 02:34:59,693 INFO Sleeping ... 
2020-02-21 02:35:14,693 INFO Sleeping...end
2020-02-21 02:35:16,707 INFO GoToXenApp(): start
2020-02-21 02:35:16,707 INFO WaitForElement(): 0
2020-02-21 02:35:37,159 INFO WaitForElement(): Target not found!
2020-02-21 02:35:43,396 INFO WaitForElement(): 1
2020-02-21 02:35:50,481 INFO WaitForElement(): Target found
2020-02-21 02:35:50,495 INFO XenAppLink: https://connect.esri.com/dana/home/launch.cgi?url=.ahuvs%3A%2F%2Fjq21t92269r3SyBB5X1CB
2020-02-21 02:35:58,740 INFO GoToXenApp(): end
2020-02-21 02:36:00,740 INFO LoginToXenApp(): start
2020-02-21 02:36:00,740 INFO WaitForElement(): 0
2020-02-21 02:36:00,756 INFO WaitForElement(): Target found
2020-02-21 02:36:00,768 INFO LoginFrameLink: https://connect.esri.com/Citrix/XenApp/auth/,DanaInfo=.aCjvum2Vvz2kwLr66yQu76+login.aspx
